========== Point-based Metrics =========
mse      (p2point): 1.42869
mse,PSNR (p2point): 63.42175
mse      (p2plane): 0.00000
mse,PSNR (p2plane): 0.00000
h.       (p2point): 0.00000
h.,PSNR  (p2point): 0.00000
h.       (p2plane): 0.00000
h.,PSNR  (p2plane): 0.00000
c[0],             : 0.00210
c[1],             : 0.00051
c[2],             : 0.00061
c[0],PSNR         : 26.77525
c[1],PSNR         : 32.93460
c[2],PSNR         : 32.17676

========== Time & Binary Size ==========
Encoding time (s)           : 8923.8933
Decoding time (s)           : 213.8464
Total binary files size (kB): 475.467
kbps (kb per second)        : 47.5467

