========== Point-based Metrics =========
mse      (p2point): 0.43940
mse,PSNR (p2point): 68.53848
mse      (p2plane): 0.00000
mse,PSNR (p2plane): 0.00000
h.       (p2point): 89.66368
h.,PSNR  (p2point): 45.85009
h.       (p2plane): 89.66368
h.,PSNR  (p2plane): 45.85009
c[0],             : 0.00035
c[1],             : 0.00019
c[2],             : 0.00021
c[0],PSNR         : 34.56905
c[1],PSNR         : 37.18794
c[2],PSNR         : 36.70259

========== Time & Binary Size ==========
Encoding time (s)           : 10667.7449
Decoding time (s)           : 233.4304
Total binary files size (kB): 2995.745
kbps (kb per second)        : 299.5745

