PccAppEncoder v15.0

Info: Using external color space conversion
absoluteD1_ should be true when multipleStreams_ is false
absoluteT1 should be true when absoluteD1 is true
+ Parameters
	 profileToolSet                             1
	 profileReconstructionIdc                   1
	 rawPointsPatch                             0
	 noAttributes                               0
	 attribute Colour Plane                     420
	 enhancedOccupancyMapCode                   0
	 useRawPointsSeparateVideo                  0
	 uncompressedDataPath                       mpeg_datasets/8iVFBv2/longdress/Ply/longdress_vox10_%i.ply
	 compressedStreamPath                       /home/e/e0686126/mpeg-pcc-tmc2/exps/VPCC/longdress/r2/bin/longdress.bin
	 reconstructedDataPath                      
	 frameCount                                 300
	 mapCountMinus1                             1
	 startFrameNumber                           1051
	 groupOfFramesSize                          32
	 colorTransform                             0
	 nbThread                                   1
	 keepIntermediateFiles                      0
	 multipleStreams                            0
	 multipleStreams                            0
	 forcedSsvhUnitSizePrecisionBytes           0
	 constrainedPack                            0
	 maxNumRefPatchList                         1
	 maxNumRefIndex                             1
	 Segmentation
	   gridBasedSegmentation                    0
	   voxelDimensionGridBasedSegmentation      2
	   nnNormalEstimation                       16
	   normalOrientation                        1
	   gridBasedRefineSegmentation              1
	   maxNNCountRefineSegmentation             1024
	   iterationCountRefineSegmentation         50
	   voxelDimensionRefineSegmentation         4
	   searchRadiusRefineSegmentation           192
	   occupancyResolution                      16
	   enablePatchSplitting                     1
	   maxPatchSize                             1024
	   quantization step for patch size         1<<4, 1<<4
	   minPointCountPerCCPatchSegmentation      16
	   maxNNCountPatchSegmentation              16
	   surfaceThickness                         4
	   maxAllowedDist2RawPointsDetection        9
	   maxAllowedDist2RawPointsSelection        1
	   lambdaRefineSegmentation                 3
	   depthQuantizationStep                    64
	   highGradientSeparation                   0
	 Packing
	   minimumImageWidth                        1280
	   minimumImageHeight                       1280
	   log2MaxAtlasFrameOrderCntLsb             10
	   packingStrategy                          1
	   useEightOrientations                     0
	   safeGuardDistance                        0
	   globalPatchAllocation                    0
	   patchPrecedenceOrder                     0
	   lowDelayEncoding                         0
	   attributeBGFill                          1
	   geometryPadding                          0
	 Video encoding
	   geometryQP                               28
	   attributeQP                              37
	   usePccRDO                                0
	   colorSpaceConversionPath                 
	   videoEncoderOccupancyPath                bin/PccAppHMVideoEncoder
	   videoEncoderGeometryPath                 bin/PccAppHMVideoEncoder
	   videoEncoderAttributePath                bin/PccAppHMVideoEncoder
	   videoEncoderOccupancyCodecId             4
	   videoEncoderGeometryCodecId              4
	   videoEncoderAttributeCodecId             4
	   geometryConfig                           cfg/hm/ctc-hm-geometry-ai.cfg
	   attributeConfig                           cfg/hm/ctc-hm-attribute-ai.cfg
	   colorSpaceConversionConfig               cfg/hdrconvert/rgb444toyuv420.cfg
	   inverseColorSpaceConversionConfig        cfg/hdrconvert/yuv420toyuv444_16bit.cfg
	   apply3dMotionCompensation                1
	 Dilation
	   GroupDilation                            1
	 Occupancy map encoding 
	   maxCandidateCount                        4
	   occupancyPrecision                       4
	   occupancyMapConfig           cfg/hm/ctc-hm-occupancy-map-ai-main10.cfg
	   occupancyMapQP                           8
	   EOMFixBitCount                           2
	   occupancyMapRefinement                   0
	 Lossy occupancy Map coding
	   Lossy occupancy map offset               0
	   Lossy occupancy map threshold            0
	   Lossy occupancy map prefilter            0
	 Decoded Atlas Information Hash             0
	 Geometry smoothing                         
	   flagGeometrySmoothing                    1
	   gridSmoothing                            1
	   gridSize                                 8
	   thresholdSmoothing                       64
	   patchExpansion                           0
	 Color smoothing
	   flagColorSmoothing                       0
	 Color pre-smoothing                        
	   thresholdColorPreSmoothing               10
	   thresholdColorPreSmoothingLocalEntropy   4.5
	   radius2ColorPreSmoothing                 64
	   neighborCountColorPreSmoothing           64
	   flagColorPreSmoothing                    1
	 Coloring
	   bestColorSearchRange                     0
	   numNeighborsColorTransferFwd             8
	   numNeighborsColorTransferBwd             1
	   useDistWeightedAverageFwd                1
	   useDistWeightedAverageBwd                1
	   skipAvgIfIdenticalSourcePointPresentFwd  1
	   skipAvgIfIdenticalSourcePointPresentBwd  1
	   distOffsetFwd                            4
	   distOffsetBwd                            4
	   geometryDist2ThresholdFwd                1000
	   geometryDist2ThresholdBwd                1000
	   maxColorDist2Fwd                         1000
	   maxColorDist2Bwd                         1000
	   patchColorSubsampling                    0
	   excludeColorOutlier                      0
	 Reconstruction 
	   removeDuplicatePoints                    1
	   pointLocalReconstruction                 0
	     plrlNumberOfModes                      6
	     patchSize                              9
	   singleMapPixelInterleaving               0
	   rawPointReconstruction                   1
	   eomPointReconstruction                   1
	   attrTransferFilter                       1
	 surface Separation                         0
	 Lossy raw points patch                     
	   lossyRawPointsPatch                      0
	   minNormSumOfInvDist4MPSelection          0.33
	   lossyRawPointPatchGeoQP                  0
	 raw points sorting                         
	   mortonOrderSortRawPoints                 0
	 Enhanced projection plane                  1
	 AdditionalProjectionPlane                  
	   additionalProjectionPlaneMode            0
	   partialAdditionalProjectionPlane         0.17
	 Geometry 2D and 3D bitdepths               
	   geometry3dCoordinatesBitdepth            10
	   geometryNominal2dBitdepth                8
	 Image partitions and tiles                 
	 tileSegmentationType                       0
	 Point cloud partitions and tiles           
	   enablePointCloudPartitioning             0
	 Patch block filtering
	   pbfEnableFlag                            0
	   pbfPassesCount                           0
	   pbfFilterSize                            0
	   pbfLog2Threshold                         2
	 Profile tier level
	   tierFlag                                 0
	   profileCodecGroupIdc                     1
	   profileToolsetIdc                        1
	   profileReconstructionIdc                 1
	      pixelDeinterleavingType             : 1
	      pointLocalReconstructionType        : 1
	      reconstructEomType                  : 1
	      duplicatedPointRemovalType          : 1
	      reconstructRawType                  : 1
	      applyGeoSmoothingType               : 1
	      applyAttrSmoothingType              : 1
	      applyAttrTransferFilterType         : 1
	      applyOccupanySynthesisType          : 0
	   levelIdc                                 30
	   avcCodecIdIndex                          0
	   hevcCodecIdIndex                         1
	   shvcCodecIdIndex                         2
	   vvcCodecIdIndex                          3

+ Parameters
	   computeChecksum                      0
	   computeMetrics                       0
	   startFrameNumber                     0
	   frameCount                           0
	   uncompressedDataPath                 
	   reconstructedDataPath                
	   normalDataPath                       
	   nbThread                             0
	   resolution                           1023
	   dropDuplicates                       2
	   neighborsProc                        1
	   computeC2c                           1
	   computeC2p                           1
	   computeColor                         1
	   computeLidar                         0
	   computeReflectance                   0
	   computeHausdorff                     0

Compressing 0 frames 1051 -> 1083...

============= FRAME 0 ============= 
  Computing normals for original point cloud... [done]
  Computing initial segmentation... [done]
  Refining segmentation (grid-based)... [done]
  Patch segmentation... 
	 Computing adjacency info... [done]

	 Extracting patches... 765821
		 CC 0 -> 196947
		 CC 1 -> 5703
		 CC 2 -> 1961
		 CC 3 -> 4077
		 CC 4 -> 135311
		 CC 5 -> 1940
		 CC 6 -> 2660
		 CC 7 -> 130635
		 CC 8 -> 9088
		 CC 9 -> 173401
		 CC 10 -> 674
		 CC 11 -> 1148
		 CC 12 -> 13848
		 CC 13 -> 2079
		 CC 14 -> 3154
		 CC 15 -> 4555
		 CC 16 -> 3194
		 CC 17 -> 19087
		 CC 18 -> 20547
		 CC 19 -> 1161
		 CC 20 -> 8319
		 CC 21 -> 3975
		 CC 22 -> 12708
		 CC 23 -> 7065
		 CC 24 -> 2502
 # CC 25
		 Patch 0 ->(d1,u1,v1)=( 64 , 28 , 13 )(dd,du,dv)=( 191 , 274 , 821 ),Normal: 0 Direction: 0 EOM: 0
		 Patch 1 ->(d1,u1,v1)=( 0 , 212 , 12 )(dd,du,dv)=( 127 , 59 , 127 ),Normal: 2 Direction: 0 EOM: 0
		 Patch 2 ->(d1,u1,v1)=( 0 , 93 , 238 )(dd,du,dv)=( 63 , 55 , 40 ),Normal: 1 Direction: 0 EOM: 0
		 Patch 3 ->(d1,u1,v1)=( 192 , 228 , 11 )(dd,du,dv)=( 127 , 46 , 133 ),Normal: 2 Direction: 1 EOM: 0
		 Patch 4 ->(d1,u1,v1)=( 384 , 29 , 13 )(dd,du,dv)=( 191 , 283 , 605 ),Normal: 0 Direction: 1 EOM: 0
		 Patch 5 ->(d1,u1,v1)=( 0 , 227 , 212 )(dd,du,dv)=( 63 , 36 , 46 ),Normal: 1 Direction: 0 EOM: 0
		 Patch 6 ->(d1,u1,v1)=( 192 , 213 , 42 )(dd,du,dv)=( 63 , 40 , 64 ),Normal: 2 Direction: 0 EOM: 0
		 Patch 7 ->(d1,u1,v1)=( 320 , 134 , 20 )(dd,du,dv)=( 191 , 310 , 838 ),Normal: 2 Direction: 1 EOM: 0
		 Patch 8 ->(d1,u1,v1)=( 64 , 94 , 233 )(dd,du,dv)=( 127 , 132 , 72 ),Normal: 1 Direction: 0 EOM: 0
		 Patch 9 ->(d1,u1,v1)=( 0 , 106 , 140 )(dd,du,dv)=( 191 , 344 , 866 ),Normal: 2 Direction: 0 EOM: 0
		 Patch 10 ->(d1,u1,v1)=( 128 , 45 , 240 )(dd,du,dv)=( 63 , 25 , 30 ),Normal: 1 Direction: 0 EOM: 0
		 Patch 11 ->(d1,u1,v1)=( 64 , 126 , 486 )(dd,du,dv)=( 63 , 27 , 44 ),Normal: 2 Direction: 0 EOM: 0
		 Patch 12 ->(d1,u1,v1)=( 192 , 114 , 498 )(dd,du,dv)=( 127 , 60 , 224 ),Normal: 2 Direction: 1 EOM: 0
		 Patch 13 ->(d1,u1,v1)=( 192 , 294 , 150 )(dd,du,dv)=( 63 , 36 , 72 ),Normal: 2 Direction: 1 EOM: 0
		 Patch 14 ->(d1,u1,v1)=( 128 , 282 , 298 )(dd,du,dv)=( 63 , 44 , 92 ),Normal: 2 Direction: 1 EOM: 0
		 Patch 15 ->(d1,u1,v1)=( 256 , 35 , 586 )(dd,du,dv)=( 63 , 47 , 97 ),Normal: 0 Direction: 1 EOM: 0
		 Patch 16 ->(d1,u1,v1)=( 896 , 108 , 137 )(dd,du,dv)=( 127 , 39 , 77 ),Normal: 1 Direction: 1 EOM: 0
		 Patch 17 ->(d1,u1,v1)=( 192 , 102 , 847 )(dd,du,dv)=( 63 , 112 , 163 ),Normal: 0 Direction: 0 EOM: 0
		 Patch 18 ->(d1,u1,v1)=( 384 , 112 , 830 )(dd,du,dv)=( 191 , 95 , 178 ),Normal: 0 Direction: 1 EOM: 0
		 Patch 19 ->(d1,u1,v1)=( 832 , 164 , 224 )(dd,du,dv)=( 63 , 34 , 34 ),Normal: 1 Direction: 0 EOM: 0
		 Patch 20 ->(d1,u1,v1)=( 256 , 212 , 856 )(dd,du,dv)=( 63 , 58 , 124 ),Normal: 2 Direction: 1 EOM: 0
		 Patch 21 ->(d1,u1,v1)=( 1024 , 122 , 218 )(dd,du,dv)=( 63 , 80 , 52 ),Normal: 1 Direction: 1 EOM: 0
		 Patch 22 ->(d1,u1,v1)=( 576 , 118 , 310 )(dd,du,dv)=( 127 , 78 , 140 ),Normal: 1 Direction: 0 EOM: 0
		 Patch 23 ->(d1,u1,v1)=( 512 , 118 , 662 )(dd,du,dv)=( 191 , 51 , 142 ),Normal: 0 Direction: 1 EOM: 0
		 Patch 24 ->(d1,u1,v1)=( 896 , 105 , 279 )(dd,du,dv)=( 127 , 38 , 61 ),Normal: 1 Direction: 1 EOM: 0
 # patches 25
 # resampled 1025268
 # raw points 13432
		 CC 0 -> 455
		 CC 1 -> 72
		 CC 2 -> 173
		 CC 3 -> 1485
		 CC 4 -> 211
		 CC 5 -> 467
		 CC 6 -> 268
		 CC 7 -> 75
		 CC 8 -> 608
		 CC 9 -> 706
		 CC 10 -> 194
		 CC 11 -> 106
		 CC 12 -> 2388
		 CC 13 -> 93
		 CC 14 -> 402
		 CC 15 -> 61
		 CC 16 -> 390
		 CC 17 -> 476
		 CC 18 -> 260
		 CC 19 -> 45
		 CC 20 -> 108
		 CC 21 -> 77
		 CC 22 -> 179
		 CC 23 -> 489
		 CC 24 -> 220
		 CC 25 -> 186
		 CC 26 -> 988
 # CC 27
		 Patch 25 ->(d1,u1,v1)=( 0 , 242 , 154 )(dd,du,dv)=( 63 , 18 , 37 ),Normal: 2 Direction: 0 EOM: 0
		 Patch 26 ->(d1,u1,v1)=( 0 , 235 , 160 )(dd,du,dv)=( 63 , 11 , 8 ),Normal: 2 Direction: 0 EOM: 0
		 Patch 27 ->(d1,u1,v1)=( 128 , 93 , 423 )(dd,du,dv)=( 63 , 10 , 32 ),Normal: 0 Direction: 0 EOM: 0
		 Patch 28 ->(d1,u1,v1)=( 128 , 114 , 446 )(dd,du,dv)=( 63 , 28 , 64 ),Normal: 0 Direction: 0 EOM: 0
		 Patch 29 ->(d1,u1,v1)=( 128 , 94 , 481 )(dd,du,dv)=( 63 , 20 , 16 ),Normal: 0 Direction: 0 EOM: 0
		 Patch 30 ->(d1,u1,v1)=( 128 , 81 , 483 )(dd,du,dv)=( 63 , 19 , 32 ),Normal: 0 Direction: 0 EOM: 0
		 Patch 31 ->(d1,u1,v1)=( 320 , 165 , 146 )(dd,du,dv)=( 63 , 8 , 43 ),Normal: 0 Direction: 1 EOM: 0
		 Patch 32 ->(d1,u1,v1)=( 320 , 185 , 249 )(dd,du,dv)=( 63 , 7 , 8 ),Normal: 0 Direction: 1 EOM: 0
		 Patch 33 ->(d1,u1,v1)=( 320 , 171 , 210 )(dd,du,dv)=( 63 , 13 , 54 ),Normal: 0 Direction: 1 EOM: 0
		 Patch 34 ->(d1,u1,v1)=( 384 , 116 , 378 )(dd,du,dv)=( 127 , 31 , 70 ),Normal: 0 Direction: 1 EOM: 0
		 Patch 35 ->(d1,u1,v1)=( 64 , 79 , 667 )(dd,du,dv)=( 63 , 12 , 9 ),Normal: 0 Direction: 0 EOM: 0
		 Patch 36 ->(d1,u1,v1)=( 128 , 118 , 550 )(dd,du,dv)=( 63 , 6 , 22 ),Normal: 0 Direction: 0 EOM: 0
		 Patch 37 ->(d1,u1,v1)=( 128 , 114 , 594 )(dd,du,dv)=( 63 , 31 , 135 ),Normal: 0 Direction: 0 EOM: 0
		 Patch 38 ->(d1,u1,v1)=( 64 , 225 , 575 )(dd,du,dv)=( 63 , 9 , 13 ),Normal: 2 Direction: 0 EOM: 0
		 Patch 39 ->(d1,u1,v1)=( 64 , 243 , 594 )(dd,du,dv)=( 63 , 28 , 10 ),Normal: 2 Direction: 0 EOM: 0
		 Patch 40 ->(d1,u1,v1)=( 64 , 246 , 876 )(dd,du,dv)=( 63 , 6 , 7 ),Normal: 2 Direction: 0 EOM: 0
		 Patch 41 ->(d1,u1,v1)=( 192 , 110 , 919 )(dd,du,dv)=( 63 , 23 , 15 ),Normal: 0 Direction: 0 EOM: 0
		 Patch 42 ->(d1,u1,v1)=( 64 , 230 , 933 )(dd,du,dv)=( 63 , 25 , 9 ),Normal: 2 Direction: 0 EOM: 0
		 Patch 43 ->(d1,u1,v1)=( 64 , 234 , 942 )(dd,du,dv)=( 63 , 32 , 14 ),Normal: 2 Direction: 0 EOM: 0
		 Patch 44 ->(d1,u1,v1)=( 192 , 135 , 913 )(dd,du,dv)=( 63 , 9 , 7 ),Normal: 0 Direction: 0 EOM: 0
		 Patch 45 ->(d1,u1,v1)=( 64 , 314 , 612 )(dd,du,dv)=( 63 , 11 , 7 ),Normal: 2 Direction: 0 EOM: 0
		 Patch 46 ->(d1,u1,v1)=( 320 , 168 , 503 )(dd,du,dv)=( 63 , 7 , 19 ),Normal: 0 Direction: 1 EOM: 0
		 Patch 47 ->(d1,u1,v1)=( 256 , 266 , 539 )(dd,du,dv)=( 63 , 5 , 25 ),Normal: 2 Direction: 1 EOM: 0
		 Patch 48 ->(d1,u1,v1)=( 576 , 142 , 360 )(dd,du,dv)=( 63 , 14 , 45 ),Normal: 1 Direction: 0 EOM: 0
		 Patch 49 ->(d1,u1,v1)=( 256 , 303 , 651 )(dd,du,dv)=( 63 , 13 , 32 ),Normal: 2 Direction: 1 EOM: 0
		 Patch 50 ->(d1,u1,v1)=( 256 , 332 , 643 )(dd,du,dv)=( 127 , 21 , 12 ),Normal: 2 Direction: 1 EOM: 0
		 Patch 51 ->(d1,u1,v1)=( 320 , 127 , 893 )(dd,du,dv)=( 63 , 41 , 30 ),Normal: 0 Direction: 1 EOM: 0
 # patches 52
 # resampled 1035380
 # raw points 3475
		 CC 0 -> 209
		 CC 1 -> 85
 # CC 2
		 Patch 52 ->(d1,u1,v1)=( 128 , 118 , 452 )(dd,du,dv)=( 63 , 17 , 31 ),Normal: 0 Direction: 0 EOM: 0
		 Patch 53 ->(d1,u1,v1)=( 64 , 243 , 934 )(dd,du,dv)=( 63 , 11 , 7 ),Normal: 2 Direction: 0 EOM: 0
 # patches 54
 # resampled 1035668
 # raw points 3222
 # CC 0
[done]

============= FRAME 1 ============= 
  Computing normals for original point cloud... [done]
  Computing initial segmentation... [done]
  Refining segmentation (grid-based)... [done]
  Patch segmentation... 
	 Computing adjacency info... [done]

	 Extracting patches... 775745
		 CC 0 -> 5795
		 CC 1 -> 203985
		 CC 2 -> 1951
		 CC 3 -> 3930
		 CC 4 -> 145651
		 CC 5 -> 3556
		 CC 6 -> 8588
		 CC 7 -> 171166
		 CC 8 -> 779
		 CC 9 -> 851
		 CC 10 -> 126846
		 CC 11 -> 1255
		 CC 12 -> 2937
		 CC 13 -> 13394
		 CC 14 -> 5134
		 CC 15 -> 3434
		 CC 16 -> 18560
		 CC 17 -> 1114
		 CC 18 -> 20280
		 CC 19 -> 8408
		 CC 20 -> 23
		 CC 21 -> 4282
		 CC 22 -> 13913
		 CC 23 -> 7661
		 CC 24 -> 2177
 # CC 25
		 Patch 0 ->(d1,u1,v1)=( 0 , 213 , 11 )(dd,du,dv)=( 127 , 60 , 125 ),Normal: 2 Direction: 0 EOM: 0
		 Patch 1 ->(d1,u1,v1)=( 64 , 21 , 13 )(dd,du,dv)=( 191 , 289 , 821 ),Normal: 0 Direction: 0 EOM: 0
		 Patch 2 ->(d1,u1,v1)=( 0 , 92 , 238 )(dd,du,dv)=( 63 , 56 , 42 ),Normal: 1 Direction: 0 EOM: 0
		 Patch 3 ->(d1,u1,v1)=( 192 , 232 , 11 )(dd,du,dv)=( 127 , 43 , 135 ),Normal: 2 Direction: 1 EOM: 0
		 Patch 4 ->(d1,u1,v1)=( 384 , 25 , 13 )(dd,du,dv)=( 191 , 289 , 605 ),Normal: 0 Direction: 1 EOM: 0
		 Patch 5 ->(d1,u1,v1)=( 192 , 222 , 26 )(dd,du,dv)=( 127 , 44 , 72 ),Normal: 2 Direction: 0 EOM: 0
		 Patch 6 ->(d1,u1,v1)=( 64 , 94 , 239 )(dd,du,dv)=( 127 , 139 , 69 ),Normal: 1 Direction: 0 EOM: 0
		 Patch 7 ->(d1,u1,v1)=( 0 , 106 , 144 )(dd,du,dv)=( 191 , 341 , 862 ),Normal: 2 Direction: 0 EOM: 0
		 Patch 8 ->(d1,u1,v1)=( 128 , 37 , 239 )(dd,du,dv)=( 63 , 31 , 26 ),Normal: 1 Direction: 0 EOM: 0
		 Patch 9 ->(d1,u1,v1)=( 0 , 264 , 226 )(dd,du,dv)=( 63 , 22 , 39 ),Normal: 1 Direction: 0 EOM: 0
		 Patch 10 ->(d1,u1,v1)=( 384 , 136 , 15 )(dd,du,dv)=( 191 , 307 , 843 ),Normal: 2 Direction: 1 EOM: 0
		 Patch 11 ->(d1,u1,v1)=( 192 , 294 , 154 )(dd,du,dv)=( 63 , 32 , 48 ),Normal: 2 Direction: 1 EOM: 0
		 Patch 12 ->(d1,u1,v1)=( 128 , 286 , 298 )(dd,du,dv)=( 63 , 38 , 88 ),Normal: 2 Direction: 1 EOM: 0
		 Patch 13 ->(d1,u1,v1)=( 192 , 114 , 514 )(dd,du,dv)=( 127 , 61 , 208 ),Normal: 2 Direction: 1 EOM: 0
		 Patch 14 ->(d1,u1,v1)=( 256 , 36 , 566 )(dd,du,dv)=( 63 , 48 , 109 ),Normal: 0 Direction: 1 EOM: 0
		 Patch 15 ->(d1,u1,v1)=( 896 , 110 , 137 )(dd,du,dv)=( 127 , 42 , 77 ),Normal: 1 Direction: 1 EOM: 0
		 Patch 16 ->(d1,u1,v1)=( 192 , 100 , 848 )(dd,du,dv)=( 63 , 114 , 164 ),Normal: 0 Direction: 0 EOM: 0
		 Patch 17 ->(d1,u1,v1)=( 832 , 169 , 226 )(dd,du,dv)=( 63 , 33 , 32 ),Normal: 1 Direction: 0 EOM: 0
		 Patch 18 ->(d1,u1,v1)=( 320 , 116 , 830 )(dd,du,dv)=( 127 , 98 , 176 ),Normal: 0 Direction: 1 EOM: 0
		 Patch 19 ->(d1,u1,v1)=( 256 , 211 , 858 )(dd,du,dv)=( 63 , 57 , 124 ),Normal: 2 Direction: 1 EOM: 0
		 Patch 20 ->(d1,u1,v1)=( 64 , 213 , 937 )(dd,du,dv)=( 63 , 3 , 5 ),Normal: 2 Direction: 0 EOM: 0
		 Patch 21 ->(d1,u1,v1)=( 1024 , 123 , 219 )(dd,du,dv)=( 63 , 82 , 51 ),Normal: 1 Direction: 1 EOM: 0
		 Patch 22 ->(d1,u1,v1)=( 576 , 114 , 313 )(dd,du,dv)=( 127 , 80 , 134 ),Normal: 1 Direction: 0 EOM: 0
		 Patch 23 ->(d1,u1,v1)=( 512 , 118 , 662 )(dd,du,dv)=( 191 , 50 , 145 ),Normal: 0 Direction: 1 EOM: 0
		 Patch 24 ->(d1,u1,v1)=( 896 , 108 , 284 )(dd,du,dv)=( 127 , 36 , 55 ),Normal: 1 Direction: 1 EOM: 0
 # patches 25
 # resampled 1035896
 # raw points 15334
		 CC 0 -> 1173
		 CC 1 -> 554
		 CC 2 -> 62
		 CC 3 -> 58
		 CC 4 -> 90
		 CC 5 -> 84
		 CC 6 -> 60
		 CC 7 -> 148
		 CC 8 -> 1355
		 CC 9 -> 871
		 CC 10 -> 116
		 CC 11 -> 53
		 CC 12 -> 806
		 CC 13 -> 141
		 CC 14 -> 919
		 CC 15 -> 94
		 CC 16 -> 273
		 CC 17 -> 2236
		 CC 18 -> 87
		 CC 19 -> 195
		 CC 20 -> 348
		 CC 21 -> 62
		 CC 22 -> 193
		 CC 23 -> 361
		 CC 24 -> 328
		 CC 25 -> 126
		 CC 26 -> 103
		 CC 27 -> 118
		 CC 28 -> 187
		 CC 29 -> 1214
		 CC 30 -> 238
		 CC 31 -> 142
		 CC 32 -> 127
		 CC 33 -> 333
 # CC 34
		 Patch 25 ->(d1,u1,v1)=( 128 , 122 , 463 )(dd,du,dv)=( 63 , 22 , 58 ),Normal: 0 Direction: 0 EOM: 0
		 Patch 26 ->(d1,u1,v1)=( 128 , 108 , 483 )(dd,du,dv)=( 63 , 10 , 38 ),Normal: 0 Direction: 0 EOM: 0
		 Patch 27 ->(d1,u1,v1)=( 128 , 94 , 451 )(dd,du,dv)=( 63 , 6 , 10 ),Normal: 0 Direction: 0 EOM: 0
		 Patch 28 ->(d1,u1,v1)=( 128 , 86 , 486 )(dd,du,dv)=( 63 , 12 , 2 ),Normal: 0 Direction: 0 EOM: 0
		 Patch 29 ->(d1,u1,v1)=( 128 , 97 , 486 )(dd,du,dv)=( 63 , 7 , 23 ),Normal: 0 Direction: 0 EOM: 0
		 Patch 30 ->(d1,u1,v1)=( 128 , 135 , 444 )(dd,du,dv)=( 63 , 16 , 15 ),Normal: 0 Direction: 0 EOM: 0
		 Patch 31 ->(d1,u1,v1)=( 128 , 136 , 461 )(dd,du,dv)=( 63 , 13 , 7 ),Normal: 0 Direction: 0 EOM: 0
		 Patch 32 ->(d1,u1,v1)=( 320 , 163 , 148 )(dd,du,dv)=( 63 , 6 , 19 ),Normal: 0 Direction: 1 EOM: 0
		 Patch 33 ->(d1,u1,v1)=( 320 , 252 , 137 )(dd,du,dv)=( 63 , 10 , 99 ),Normal: 0 Direction: 1 EOM: 0
		 Patch 34 ->(d1,u1,v1)=( 320 , 170 , 198 )(dd,du,dv)=( 63 , 15 , 70 ),Normal: 0 Direction: 1 EOM: 0
		 Patch 35 ->(d1,u1,v1)=( 320 , 80 , 285 )(dd,du,dv)=( 63 , 6 , 20 ),Normal: 0 Direction: 1 EOM: 0
		 Patch 36 ->(d1,u1,v1)=( 320 , 114 , 349 )(dd,du,dv)=( 63 , 7 , 10 ),Normal: 0 Direction: 1 EOM: 0
		 Patch 37 ->(d1,u1,v1)=( 384 , 99 , 352 )(dd,du,dv)=( 127 , 40 , 79 ),Normal: 0 Direction: 1 EOM: 0
		 Patch 38 ->(d1,u1,v1)=( 320 , 187 , 253 )(dd,du,dv)=( 63 , 7 , 26 ),Normal: 0 Direction: 1 EOM: 0
		 Patch 39 ->(d1,u1,v1)=( 320 , 249 , 302 )(dd,du,dv)=( 63 , 12 , 57 ),Normal: 0 Direction: 1 EOM: 0
		 Patch 40 ->(d1,u1,v1)=( 320 , 252 , 361 )(dd,du,dv)=( 63 , 5 , 18 ),Normal: 0 Direction: 1 EOM: 0
		 Patch 41 ->(d1,u1,v1)=( 128 , 122 , 539 )(dd,du,dv)=( 63 , 11 , 34 ),Normal: 0 Direction: 0 EOM: 0
		 Patch 42 ->(d1,u1,v1)=( 128 , 118 , 582 )(dd,du,dv)=( 63 , 32 , 146 ),Normal: 0 Direction: 0 EOM: 0
		 Patch 43 ->(d1,u1,v1)=( 64 , 236 , 568 )(dd,du,dv)=( 63 , 14 , 8 ),Normal: 2 Direction: 0 EOM: 0
		 Patch 44 ->(d1,u1,v1)=( 64 , 223 , 572 )(dd,du,dv)=( 63 , 11 , 20 ),Normal: 2 Direction: 0 EOM: 0
		 Patch 45 ->(d1,u1,v1)=( 64 , 244 , 595 )(dd,du,dv)=( 63 , 21 , 9 ),Normal: 2 Direction: 0 EOM: 0
		 Patch 46 ->(d1,u1,v1)=( 128 , 73 , 646 )(dd,du,dv)=( 63 , 11 , 12 ),Normal: 0 Direction: 0 EOM: 0
		 Patch 47 ->(d1,u1,v1)=( 64 , 214 , 617 )(dd,du,dv)=( 63 , 4 , 55 ),Normal: 2 Direction: 0 EOM: 0
		 Patch 48 ->(d1,u1,v1)=( 192 , 115 , 912 )(dd,du,dv)=( 63 , 32 , 18 ),Normal: 0 Direction: 0 EOM: 0
		 Patch 49 ->(d1,u1,v1)=( 64 , 228 , 931 )(dd,du,dv)=( 63 , 20 , 16 ),Normal: 2 Direction: 0 EOM: 0
		 Patch 50 ->(d1,u1,v1)=( 64 , 234 , 952 )(dd,du,dv)=( 63 , 15 , 8 ),Normal: 2 Direction: 0 EOM: 0
		 Patch 51 ->(d1,u1,v1)=( 64 , 312 , 611 )(dd,du,dv)=( 63 , 10 , 7 ),Normal: 2 Direction: 0 EOM: 0
		 Patch 52 ->(d1,u1,v1)=( 320 , 169 , 507 )(dd,du,dv)=( 63 , 9 , 26 ),Normal: 0 Direction: 1 EOM: 0
		 Patch 53 ->(d1,u1,v1)=( 256 , 266 , 538 )(dd,du,dv)=( 63 , 6 , 26 ),Normal: 2 Direction: 1 EOM: 0
		 Patch 54 ->(d1,u1,v1)=( 576 , 127 , 359 )(dd,du,dv)=( 127 , 25 , 46 ),Normal: 1 Direction: 0 EOM: 0
		 Patch 55 ->(d1,u1,v1)=( 256 , 306 , 649 )(dd,du,dv)=( 127 , 14 , 37 ),Normal: 2 Direction: 1 EOM: 0
		 Patch 56 ->(d1,u1,v1)=( 256 , 332 , 641 )(dd,du,dv)=( 127 , 23 , 11 ),Normal: 2 Direction: 1 EOM: 0
		 Patch 57 ->(d1,u1,v1)=( 640 , 133 , 412 )(dd,du,dv)=( 63 , 4 , 21 ),Normal: 1 Direction: 0 EOM: 0
		 Patch 58 ->(d1,u1,v1)=( 320 , 133 , 900 )(dd,du,dv)=( 63 , 32 , 19 ),Normal: 0 Direction: 1 EOM: 0
 # patches 59
 # resampled 1046830
 # raw points 3891
		 CC 0 -> 143
		 CC 1 -> 119
		 CC 2 -> 291
		 CC 3 -> 199
		 CC 4 -> 105
		 CC 5 -> 166
 # CC 6
		 Patch 59 ->(d1,u1,v1)=( 128 , 109 , 484 )(dd,du,dv)=( 63 , 8 , 32 ),Normal: 0 Direction: 0 EOM: 0
		 Patch 60 ->(d1,u1,v1)=( 128 , 127 , 467 )(dd,du,dv)=( 63 , 12 , 14 ),Normal: 0 Direction: 0 EOM: 0
		 Patch 61 ->(d1,u1,v1)=( 320 , 253 , 138 )(dd,du,dv)=( 63 , 7 , 79 ),Normal: 0 Direction: 1 EOM: 0
		 Patch 62 ->(d1,u1,v1)=( 320 , 171 , 199 )(dd,du,dv)=( 63 , 11 , 50 ),Normal: 0 Direction: 1 EOM: 0
		 Patch 63 ->(d1,u1,v1)=( 320 , 252 , 306 )(dd,du,dv)=( 63 , 8 , 29 ),Normal: 0 Direction: 1 EOM: 0
		 Patch 64 ->(d1,u1,v1)=( 576 , 137 , 361 )(dd,du,dv)=( 63 , 13 , 37 ),Normal: 1 Direction: 0 EOM: 0
 # patches 65
 # resampled 1048022
 # raw points 2907
 # CC 0
[done]

============= FRAME 2 ============= 
  Computing normals for original point cloud... [done]
  Computing initial segmentation... [done]
  Refining segmentation (grid-based)... [done]
  Patch segmentation... 
	 Computing adjacency info... [done]

	 Extracting patches... 783559
		 CC 0 -> 209512
		 CC 1 -> 5389
		 CC 2 -> 1921
		 CC 3 -> 4184
		 CC 4 -> 158833
		 CC 5 -> 7038
		 CC 6 -> 1720
		 CC 7 -> 167872
		 CC 8 -> 2276
		 CC 9 -> 125298
		 CC 10 -> 1904
		 CC 11 -> 12558
		 CC 12 -> 5579
		 CC 13 -> 3809
		 CC 14 -> 18265
		 CC 15 -> 1108
		 CC 16 -> 20237
		 CC 17 -> 8824
		 CC 18 -> 4096
		 CC 19 -> 13594
		 CC 20 -> 6432
		 CC 21 -> 3017
 # CC 22
		 Patch 0 ->(d1,u1,v1)=( 64 , 13 , 13 )(dd,du,dv)=( 191 , 305 , 819 ),Normal: 0 Direction: 0 EOM: 0
		 Patch 1 ->(d1,u1,v1)=( 0 , 214 , 11 )(dd,du,dv)=( 127 , 59 , 120 ),Normal: 2 Direction: 0 EOM: 0
		 Patch 2 ->(d1,u1,v1)=( 0 , 91 , 238 )(dd,du,dv)=( 63 , 57 , 40 ),Normal: 1 Direction: 0 EOM: 0
		 Patch 3 ->(d1,u1,v1)=( 192 , 232 , 12 )(dd,du,dv)=( 127 , 43 , 136 ),Normal: 2 Direction: 1 EOM: 0
		 Patch 4 ->(d1,u1,v1)=( 384 , 14 , 14 )(dd,du,dv)=( 191 , 304 , 600 ),Normal: 0 Direction: 1 EOM: 0
		 Patch 5 ->(d1,u1,v1)=( 64 , 93 , 253 )(dd,du,dv)=( 127 , 149 , 57 ),Normal: 1 Direction: 0 EOM: 0
		 Patch 6 ->(d1,u1,v1)=( 192 , 230 , 37 )(dd,du,dv)=( 127 , 40 , 41 ),Normal: 2 Direction: 0 EOM: 0
		 Patch 7 ->(d1,u1,v1)=( 0 , 103 , 166 )(dd,du,dv)=( 191 , 348 , 840 ),Normal: 2 Direction: 0 EOM: 0
		 Patch 8 ->(d1,u1,v1)=( 0 , 269 , 228 )(dd,du,dv)=( 63 , 42 , 47 ),Normal: 1 Direction: 0 EOM: 0
		 Patch 9 ->(d1,u1,v1)=( 384 , 140 , 16 )(dd,du,dv)=( 191 , 306 , 842 ),Normal: 2 Direction: 1 EOM: 0
		 Patch 10 ->(d1,u1,v1)=( 128 , 287 , 310 )(dd,du,dv)=( 63 , 32 , 60 ),Normal: 2 Direction: 1 EOM: 0
		 Patch 11 ->(d1,u1,v1)=( 192 , 118 , 534 )(dd,du,dv)=( 127 , 60 , 184 ),Normal: 2 Direction: 1 EOM: 0
		 Patch 12 ->(d1,u1,v1)=( 256 , 44 , 566 )(dd,du,dv)=( 63 , 50 , 112 ),Normal: 0 Direction: 1 EOM: 0
		 Patch 13 ->(d1,u1,v1)=( 896 , 116 , 136 )(dd,du,dv)=( 127 , 45 , 83 ),Normal: 1 Direction: 1 EOM: 0
		 Patch 14 ->(d1,u1,v1)=( 192 , 115 , 849 )(dd,du,dv)=( 63 , 103 , 163 ),Normal: 0 Direction: 0 EOM: 0
		 Patch 15 ->(d1,u1,v1)=( 832 , 170 , 226 )(dd,du,dv)=( 63 , 36 , 32 ),Normal: 1 Direction: 0 EOM: 0
		 Patch 16 ->(d1,u1,v1)=( 320 , 118 , 830 )(dd,du,dv)=( 127 , 96 , 176 ),Normal: 0 Direction: 1 EOM: 0
		 Patch 17 ->(d1,u1,v1)=( 256 , 211 , 858 )(dd,du,dv)=( 63 , 60 , 124 ),Normal: 2 Direction: 1 EOM: 0
		 Patch 18 ->(d1,u1,v1)=( 1024 , 127 , 224 )(dd,du,dv)=( 63 , 81 , 46 ),Normal: 1 Direction: 1 EOM: 0
		 Patch 19 ->(d1,u1,v1)=( 576 , 112 , 314 )(dd,du,dv)=( 127 , 80 , 137 ),Normal: 1 Direction: 0 EOM: 0
		 Patch 20 ->(d1,u1,v1)=( 512 , 120 , 664 )(dd,du,dv)=( 191 , 46 , 130 ),Normal: 0 Direction: 1 EOM: 0
		 Patch 21 ->(d1,u1,v1)=( 896 , 110 , 283 )(dd,du,dv)=( 127 , 40 , 71 ),Normal: 1 Direction: 1 EOM: 0
 # patches 22
 # resampled 1046154
 # raw points 15825
		 CC 0 -> 105
		 CC 1 -> 128
		 CC 2 -> 78
		 CC 3 -> 342
		 CC 4 -> 373
		 CC 5 -> 161
		 CC 6 -> 615
		 CC 7 -> 1518
		 CC 8 -> 87
		 CC 9 -> 506
		 CC 10 -> 1952
		 CC 11 -> 230
		 CC 12 -> 1894
		 CC 13 -> 226
		 CC 14 -> 216
		 CC 15 -> 253
		 CC 16 -> 2056
		 CC 17 -> 194
		 CC 18 -> 248
		 CC 19 -> 90
		 CC 20 -> 61
		 CC 21 -> 117
		 CC 22 -> 1086
		 CC 23 -> 351
		 CC 24 -> 92
		 CC 25 -> 88
		 CC 26 -> 337
 # CC 27
		 Patch 22 ->(d1,u1,v1)=( 128 , 108 , 431 )(dd,du,dv)=( 63 , 7 , 23 ),Normal: 0 Direction: 0 EOM: 0
		 Patch 23 ->(d1,u1,v1)=( 128 , 115 , 484 )(dd,du,dv)=( 63 , 5 , 16 ),Normal: 0 Direction: 0 EOM: 0
		 Patch 24 ->(d1,u1,v1)=( 64 , 192 , 395 )(dd,du,dv)=( 63 , 10 , 10 ),Normal: 2 Direction: 0 EOM: 0
		 Patch 25 ->(d1,u1,v1)=( 128 , 126 , 459 )(dd,du,dv)=( 63 , 24 , 26 ),Normal: 0 Direction: 0 EOM: 0
		 Patch 26 ->(d1,u1,v1)=( 128 , 134 , 484 )(dd,du,dv)=( 63 , 16 , 62 ),Normal: 0 Direction: 0 EOM: 0
		 Patch 27 ->(d1,u1,v1)=( 320 , 42 , 150 )(dd,du,dv)=( 63 , 11 , 18 ),Normal: 0 Direction: 1 EOM: 0
		 Patch 28 ->(d1,u1,v1)=( 320 , 163 , 150 )(dd,du,dv)=( 63 , 9 , 42 ),Normal: 0 Direction: 1 EOM: 0
		 Patch 29 ->(d1,u1,v1)=( 320 , 247 , 131 )(dd,du,dv)=( 63 , 19 , 80 ),Normal: 0 Direction: 1 EOM: 0
		 Patch 30 ->(d1,u1,v1)=( 320 , 188 , 249 )(dd,du,dv)=( 63 , 10 , 9 ),Normal: 0 Direction: 1 EOM: 0
		 Patch 31 ->(d1,u1,v1)=( 320 , 172 , 194 )(dd,du,dv)=( 63 , 13 , 62 ),Normal: 0 Direction: 1 EOM: 0
		 Patch 32 ->(d1,u1,v1)=( 320 , 75 , 286 )(dd,du,dv)=( 63 , 59 , 135 ),Normal: 0 Direction: 1 EOM: 0
		 Patch 33 ->(d1,u1,v1)=( 320 , 190 , 266 )(dd,du,dv)=( 63 , 7 , 21 ),Normal: 0 Direction: 1 EOM: 0
		 Patch 34 ->(d1,u1,v1)=( 320 , 248 , 258 )(dd,du,dv)=( 63 , 16 , 133 ),Normal: 0 Direction: 1 EOM: 0
		 Patch 35 ->(d1,u1,v1)=( 64 , 233 , 566 )(dd,du,dv)=( 63 , 14 , 16 ),Normal: 2 Direction: 0 EOM: 0
		 Patch 36 ->(d1,u1,v1)=( 64 , 222 , 585 )(dd,du,dv)=( 63 , 9 , 29 ),Normal: 2 Direction: 0 EOM: 0
		 Patch 37 ->(d1,u1,v1)=( 64 , 243 , 594 )(dd,du,dv)=( 63 , 21 , 7 ),Normal: 2 Direction: 0 EOM: 0
		 Patch 38 ->(d1,u1,v1)=( 128 , 126 , 548 )(dd,du,dv)=( 63 , 30 , 162 ),Normal: 0 Direction: 0 EOM: 0
		 Patch 39 ->(d1,u1,v1)=( 128 , 146 , 713 )(dd,du,dv)=( 63 , 11 , 24 ),Normal: 0 Direction: 0 EOM: 0
		 Patch 40 ->(d1,u1,v1)=( 192 , 122 , 915 )(dd,du,dv)=( 63 , 27 , 12 ),Normal: 0 Direction: 0 EOM: 0
		 Patch 41 ->(d1,u1,v1)=( 64 , 235 , 919 )(dd,du,dv)=( 63 , 8 , 11 ),Normal: 2 Direction: 0 EOM: 0
		 Patch 42 ->(d1,u1,v1)=( 320 , 171 , 512 )(dd,du,dv)=( 63 , 6 , 16 ),Normal: 0 Direction: 1 EOM: 0
		 Patch 43 ->(d1,u1,v1)=( 256 , 267 , 542 )(dd,du,dv)=( 63 , 4 , 20 ),Normal: 2 Direction: 1 EOM: 0
		 Patch 44 ->(d1,u1,v1)=( 576 , 125 , 360 )(dd,du,dv)=( 127 , 24 , 41 ),Normal: 1 Direction: 0 EOM: 0
		 Patch 45 ->(d1,u1,v1)=( 256 , 306 , 646 )(dd,du,dv)=( 127 , 20 , 48 ),Normal: 2 Direction: 1 EOM: 0
		 Patch 46 ->(d1,u1,v1)=( 192 , 333 , 640 )(dd,du,dv)=( 63 , 21 , 9 ),Normal: 2 Direction: 1 EOM: 0
		 Patch 47 ->(d1,u1,v1)=( 640 , 130 , 419 )(dd,du,dv)=( 63 , 3 , 12 ),Normal: 1 Direction: 0 EOM: 0
		 Patch 48 ->(d1,u1,v1)=( 320 , 136 , 898 )(dd,du,dv)=( 63 , 27 , 21 ),Normal: 0 Direction: 1 EOM: 0
 # patches 49
 # resampled 1056798
 # raw points 4571
		 CC 0 -> 84
		 CC 1 -> 254
		 CC 2 -> 433
		 CC 3 -> 65
		 CC 4 -> 225
		 CC 5 -> 96
		 CC 6 -> 246
 # CC 7
		 Patch 49 ->(d1,u1,v1)=( 128 , 135 , 467 )(dd,du,dv)=( 63 , 10 , 12 ),Normal: 0 Direction: 0 EOM: 0
		 Patch 50 ->(d1,u1,v1)=( 320 , 164 , 151 )(dd,du,dv)=( 63 , 5 , 37 ),Normal: 0 Direction: 1 EOM: 0
		 Patch 51 ->(d1,u1,v1)=( 320 , 250 , 132 )(dd,du,dv)=( 63 , 14 , 66 ),Normal: 0 Direction: 1 EOM: 0
		 Patch 52 ->(d1,u1,v1)=( 320 , 176 , 212 )(dd,du,dv)=( 63 , 3 , 15 ),Normal: 0 Direction: 1 EOM: 0
		 Patch 53 ->(d1,u1,v1)=( 320 , 107 , 369 )(dd,du,dv)=( 63 , 22 , 41 ),Normal: 0 Direction: 1 EOM: 0
		 Patch 54 ->(d1,u1,v1)=( 320 , 256 , 285 )(dd,du,dv)=( 63 , 7 , 21 ),Normal: 0 Direction: 1 EOM: 0
		 Patch 55 ->(d1,u1,v1)=( 576 , 132 , 361 )(dd,du,dv)=( 63 , 15 , 38 ),Normal: 1 Direction: 0 EOM: 0
 # patches 56
 # resampled 1058426
 # raw points 3237
 # CC 0
[done]

============= FRAME 3 ============= 
  Computing normals for original point cloud... [done]
  Computing initial segmentation... [done]
  Refining segmentation (grid-based)... [done]
  Patch segmentation... 
	 Computing adjacency info... [done]

	 Extracting patches... 794641
		 CC 0 -> 214242
		 CC 1 -> 5733
		 CC 2 -> 1895
		 CC 3 -> 4147
		 CC 4 -> 171584
		 CC 5 -> 3036
		 CC 6 -> 170980
		 CC 7 -> 2179
		 CC 8 -> 931
		 CC 9 -> 118101
		 CC 10 -> 2056
		 CC 11 -> 2004
		 CC 12 -> 609
		 CC 13 -> 533
		 CC 14 -> 22
		 CC 15 -> 57
		 CC 16 -> 3204
		 CC 17 -> 9819
		 CC 18 -> 919
		 CC 19 -> 5115
		 CC 20 -> 3524
		 CC 21 -> 18718
		 CC 22 -> 1010
		 CC 23 -> 19583
		 CC 24 -> 8371
		 CC 25 -> 4404
		 CC 26 -> 12581
		 CC 27 -> 7046
		 CC 28 -> 2124
 # CC 29
		 Patch 0 ->(d1,u1,v1)=( 64 , 6 , 10 )(dd,du,dv)=( 191 , 335 , 822 ),Normal: 0 Direction: 0 EOM: 0
		 Patch 1 ->(d1,u1,v1)=( 0 , 214 , 11 )(dd,du,dv)=( 127 , 60 , 127 ),Normal: 2 Direction: 0 EOM: 0
		 Patch 2 ->(d1,u1,v1)=( 0 , 91 , 238 )(dd,du,dv)=( 63 , 57 , 41 ),Normal: 1 Direction: 0 EOM: 0
		 Patch 3 ->(d1,u1,v1)=( 192 , 233 , 12 )(dd,du,dv)=( 127 , 42 , 138 ),Normal: 2 Direction: 1 EOM: 0
		 Patch 4 ->(d1,u1,v1)=( 384 , 6 , 13 )(dd,du,dv)=( 191 , 322 , 597 ),Normal: 0 Direction: 1 EOM: 0
		 Patch 5 ->(d1,u1,v1)=( 64 , 94 , 252 )(dd,du,dv)=( 127 , 104 , 36 ),Normal: 1 Direction: 0 EOM: 0
		 Patch 6 ->(d1,u1,v1)=( 0 , 106 , 198 )(dd,du,dv)=( 191 , 344 , 809 ),Normal: 2 Direction: 0 EOM: 0
		 Patch 7 ->(d1,u1,v1)=( 256 , 234 , 9 )(dd,du,dv)=( 63 , 40 , 61 ),Normal: 2 Direction: 0 EOM: 0
		 Patch 8 ->(d1,u1,v1)=( 0 , 310 , 244 )(dd,du,dv)=( 63 , 31 , 31 ),Normal: 1 Direction: 0 EOM: 0
		 Patch 9 ->(d1,u1,v1)=( 384 , 142 , 14 )(dd,du,dv)=( 191 , 304 , 844 ),Normal: 2 Direction: 1 EOM: 0
		 Patch 10 ->(d1,u1,v1)=( 128 , 191 , 302 )(dd,du,dv)=( 127 , 35 , 84 ),Normal: 2 Direction: 1 EOM: 0
		 Patch 11 ->(d1,u1,v1)=( 256 , 199 , 130 )(dd,du,dv)=( 63 , 68 , 56 ),Normal: 0 Direction: 0 EOM: 0
		 Patch 12 ->(d1,u1,v1)=( 128 , 228 , 291 )(dd,du,dv)=( 63 , 36 , 20 ),Normal: 1 Direction: 0 EOM: 0
		 Patch 13 ->(d1,u1,v1)=( 320 , 289 , 140 )(dd,du,dv)=( 63 , 20 , 34 ),Normal: 2 Direction: 1 EOM: 0
		 Patch 14 ->(d1,u1,v1)=( 0 , 275 , 291 )(dd,du,dv)=( 127 , 7 , 4 ),Normal: 2 Direction: 0 EOM: 0
		 Patch 15 ->(d1,u1,v1)=( 64 , 276 , 306 )(dd,du,dv)=( 63 , 7 , 25 ),Normal: 2 Direction: 0 EOM: 0
		 Patch 16 ->(d1,u1,v1)=( 128 , 286 , 322 )(dd,du,dv)=( 63 , 36 , 80 ),Normal: 2 Direction: 1 EOM: 0
		 Patch 17 ->(d1,u1,v1)=( 192 , 118 , 554 )(dd,du,dv)=( 127 , 57 , 164 ),Normal: 2 Direction: 1 EOM: 0
		 Patch 18 ->(d1,u1,v1)=( 192 , 116 , 571 )(dd,du,dv)=( 63 , 22 , 51 ),Normal: 0 Direction: 1 EOM: 0
		 Patch 19 ->(d1,u1,v1)=( 256 , 54 , 570 )(dd,du,dv)=( 63 , 50 , 100 ),Normal: 0 Direction: 1 EOM: 0
		 Patch 20 ->(d1,u1,v1)=( 896 , 121 , 139 )(dd,du,dv)=( 127 , 44 , 79 ),Normal: 1 Direction: 1 EOM: 0
		 Patch 21 ->(d1,u1,v1)=( 192 , 120 , 847 )(dd,du,dv)=( 63 , 103 , 165 ),Normal: 0 Direction: 0 EOM: 0
		 Patch 22 ->(d1,u1,v1)=( 832 , 177 , 229 )(dd,du,dv)=( 63 , 33 , 30 ),Normal: 1 Direction: 0 EOM: 0
		 Patch 23 ->(d1,u1,v1)=( 320 , 126 , 834 )(dd,du,dv)=( 127 , 94 , 172 ),Normal: 0 Direction: 1 EOM: 0
		 Patch 24 ->(d1,u1,v1)=( 256 , 212 , 857 )(dd,du,dv)=( 63 , 59 , 123 ),Normal: 2 Direction: 1 EOM: 0
		 Patch 25 ->(d1,u1,v1)=( 1024 , 130 , 224 )(dd,du,dv)=( 63 , 85 , 46 ),Normal: 1 Direction: 1 EOM: 0
		 Patch 26 ->(d1,u1,v1)=( 576 , 113 , 315 )(dd,du,dv)=( 127 , 80 , 135 ),Normal: 1 Direction: 0 EOM: 0
		 Patch 27 ->(d1,u1,v1)=( 512 , 121 , 663 )(dd,du,dv)=( 191 , 45 , 144 ),Normal: 0 Direction: 1 EOM: 0
		 Patch 28 ->(d1,u1,v1)=( 896 , 114 , 283 )(dd,du,dv)=( 127 , 35 , 60 ),Normal: 1 Direction: 1 EOM: 0
 # patches 29
 # resampled 1052434
 # raw points 19704
		 CC 0 -> 605
		 CC 1 -> 65
		 CC 2 -> 126
		 CC 3 -> 4991
		 CC 4 -> 82
		 CC 5 -> 226
		 CC 6 -> 1237
		 CC 7 -> 64
		 CC 8 -> 351
		 CC 9 -> 408
		 CC 10 -> 100
		 CC 11 -> 160
		 CC 12 -> 4624
		 CC 13 -> 419
		 CC 14 -> 134
		 CC 15 -> 199
		 CC 16 -> 61
		 CC 17 -> 42
		 CC 18 -> 286
		 CC 19 -> 255
		 CC 20 -> 510
		 CC 21 -> 775
		 CC 22 -> 505
		 CC 23 -> 605
 # CC 24
		 Patch 29 ->(d1,u1,v1)=( 64 , 178 , 382 )(dd,du,dv)=( 63 , 21 , 41 ),Normal: 2 Direction: 0 EOM: 0
		 Patch 30 ->(d1,u1,v1)=( 128 , 116 , 439 )(dd,du,dv)=( 63 , 5 , 11 ),Normal: 0 Direction: 0 EOM: 0
		 Patch 31 ->(d1,u1,v1)=( 128 , 136 , 465 )(dd,du,dv)=( 63 , 16 , 15 ),Normal: 0 Direction: 0 EOM: 0
		 Patch 32 ->(d1,u1,v1)=( 320 , 185 , 125 )(dd,du,dv)=( 63 , 88 , 281 ),Normal: 0 Direction: 1 EOM: 0
		 Patch 33 ->(d1,u1,v1)=( 320 , 95 , 197 )(dd,du,dv)=( 63 , 7 , 7 ),Normal: 0 Direction: 1 EOM: 0
		 Patch 34 ->(d1,u1,v1)=( 320 , 164 , 149 )(dd,du,dv)=( 63 , 6 , 40 ),Normal: 0 Direction: 1 EOM: 0
		 Patch 35 ->(d1,u1,v1)=( 320 , 72 , 285 )(dd,du,dv)=( 63 , 38 , 85 ),Normal: 0 Direction: 1 EOM: 0
		 Patch 36 ->(d1,u1,v1)=( 128 , 308 , 378 )(dd,du,dv)=( 63 , 5 , 7 ),Normal: 2 Direction: 1 EOM: 0
		 Patch 37 ->(d1,u1,v1)=( 320 , 195 , 285 )(dd,du,dv)=( 63 , 7 , 35 ),Normal: 0 Direction: 1 EOM: 0
		 Patch 38 ->(d1,u1,v1)=( 320 , 114 , 382 )(dd,du,dv)=( 63 , 22 , 42 ),Normal: 0 Direction: 1 EOM: 0
		 Patch 39 ->(d1,u1,v1)=( 320 , 244 , 410 )(dd,du,dv)=( 63 , 8 , 19 ),Normal: 0 Direction: 1 EOM: 0
		 Patch 40 ->(d1,u1,v1)=( 320 , 227 , 435 )(dd,du,dv)=( 63 , 4 , 25 ),Normal: 0 Direction: 1 EOM: 0
		 Patch 41 ->(d1,u1,v1)=( 128 , 116 , 516 )(dd,du,dv)=( 63 , 34 , 186 ),Normal: 0 Direction: 0 EOM: 0
		 Patch 42 ->(d1,u1,v1)=( 0 , 238 , 557 )(dd,du,dv)=( 127 , 24 , 25 ),Normal: 2 Direction: 0 EOM: 0
		 Patch 43 ->(d1,u1,v1)=( 64 , 226 , 592 )(dd,du,dv)=( 63 , 8 , 22 ),Normal: 2 Direction: 0 EOM: 0
		 Patch 44 ->(d1,u1,v1)=( 64 , 246 , 593 )(dd,du,dv)=( 63 , 19 , 8 ),Normal: 2 Direction: 0 EOM: 0
		 Patch 45 ->(d1,u1,v1)=( 192 , 148 , 614 )(dd,du,dv)=( 63 , 6 , 9 ),Normal: 2 Direction: 1 EOM: 0
		 Patch 46 ->(d1,u1,v1)=( 128 , 86 , 651 )(dd,du,dv)=( 63 , 7 , 9 ),Normal: 0 Direction: 0 EOM: 0
		 Patch 47 ->(d1,u1,v1)=( 64 , 234 , 923 )(dd,du,dv)=( 63 , 12 , 14 ),Normal: 2 Direction: 0 EOM: 0
		 Patch 48 ->(d1,u1,v1)=( 192 , 124 , 914 )(dd,du,dv)=( 63 , 28 , 11 ),Normal: 0 Direction: 0 EOM: 0
		 Patch 49 ->(d1,u1,v1)=( 320 , 174 , 513 )(dd,du,dv)=( 63 , 21 , 72 ),Normal: 0 Direction: 1 EOM: 0
		 Patch 50 ->(d1,u1,v1)=( 576 , 129 , 362 )(dd,du,dv)=( 63 , 17 , 29 ),Normal: 1 Direction: 0 EOM: 0
		 Patch 51 ->(d1,u1,v1)=( 256 , 310 , 643 )(dd,du,dv)=( 127 , 20 , 44 ),Normal: 2 Direction: 1 EOM: 0
		 Patch 52 ->(d1,u1,v1)=( 320 , 130 , 882 )(dd,du,dv)=( 63 , 37 , 36 ),Normal: 0 Direction: 1 EOM: 0
 # patches 53
 # resampled 1069962
 # raw points 4136
		 CC 0 -> 98
		 CC 1 -> 103
		 CC 2 -> 116
		 CC 3 -> 112
		 CC 4 -> 67
		 CC 5 -> 137
 # CC 6
		 Patch 53 ->(d1,u1,v1)=( 320 , 261 , 178 )(dd,du,dv)=( 63 , 7 , 23 ),Normal: 0 Direction: 1 EOM: 0
		 Patch 54 ->(d1,u1,v1)=( 320 , 82 , 301 )(dd,du,dv)=( 63 , 9 , 20 ),Normal: 0 Direction: 1 EOM: 0
		 Patch 55 ->(d1,u1,v1)=( 320 , 259 , 260 )(dd,du,dv)=( 63 , 6 , 41 ),Normal: 0 Direction: 1 EOM: 0
		 Patch 56 ->(d1,u1,v1)=( 64 , 246 , 559 )(dd,du,dv)=( 63 , 13 , 11 ),Normal: 2 Direction: 0 EOM: 0
		 Patch 57 ->(d1,u1,v1)=( 64 , 237 , 924 )(dd,du,dv)=( 63 , 8 , 11 ),Normal: 2 Direction: 0 EOM: 0
		 Patch 58 ->(d1,u1,v1)=( 576 , 132 , 363 )(dd,du,dv)=( 63 , 11 , 22 ),Normal: 1 Direction: 0 EOM: 0
 # patches 59
 # resampled 1070742
 # raw points 3544
 # CC 0
[done]

============= FRAME 4 ============= 
  Computing normals for original point cloud... [done]
  Computing initial segmentation... [done]
  Refining segmentation (grid-based)... [done]
  Patch segmentation... 
	 Computing adjacency info... [done]

	 Extracting patches... 806026
		 CC 0 -> 217554
		 CC 1 -> 5551
		 CC 2 -> 1908
		 CC 3 -> 4439
		 CC 4 -> 179641
		 CC 5 -> 1197
		 CC 6 -> 1622
		 CC 7 -> 169439
		 CC 8 -> 1944
		 CC 9 -> 550
		 CC 10 -> 117356
		 CC 11 -> 5497
		 CC 12 -> 909
		 CC 13 -> 2427
		 CC 14 -> 10103
		 CC 15 -> 712
		 CC 16 -> 6157
		 CC 17 -> 75
		 CC 18 -> 56
		 CC 19 -> 3542
		 CC 20 -> 18554
		 CC 21 -> 904
		 CC 22 -> 20086
		 CC 23 -> 8534
		 CC 24 -> 4533
		 CC 25 -> 11559
		 CC 26 -> 8367
		 CC 27 -> 2701
 # CC 28
		 Patch 0 ->(d1,u1,v1)=( 64 , 3 , 12 )(dd,du,dv)=( 191 , 369 , 818 ),Normal: 0 Direction: 0 EOM: 0
		 Patch 1 ->(d1,u1,v1)=( 0 , 214 , 12 )(dd,du,dv)=( 127 , 59 , 126 ),Normal: 2 Direction: 0 EOM: 0
		 Patch 2 ->(d1,u1,v1)=( 0 , 92 , 238 )(dd,du,dv)=( 63 , 56 , 41 ),Normal: 1 Direction: 0 EOM: 0
		 Patch 3 ->(d1,u1,v1)=( 192 , 230 , 11 )(dd,du,dv)=( 127 , 46 , 143 ),Normal: 2 Direction: 1 EOM: 0
		 Patch 4 ->(d1,u1,v1)=( 384 , 3 , 13 )(dd,du,dv)=( 191 , 366 , 597 ),Normal: 0 Direction: 1 EOM: 0
		 Patch 5 ->(d1,u1,v1)=( 128 , 11 , 233 )(dd,du,dv)=( 63 , 55 , 25 ),Normal: 1 Direction: 0 EOM: 0
		 Patch 6 ->(d1,u1,v1)=( 128 , 96 , 250 )(dd,du,dv)=( 63 , 58 , 32 ),Normal: 1 Direction: 0 EOM: 0
		 Patch 7 ->(d1,u1,v1)=( 0 , 109 , 194 )(dd,du,dv)=( 191 , 339 , 814 ),Normal: 2 Direction: 0 EOM: 0
		 Patch 8 ->(d1,u1,v1)=( 256 , 238 , 12 )(dd,du,dv)=( 127 , 36 , 50 ),Normal: 2 Direction: 0 EOM: 0
		 Patch 9 ->(d1,u1,v1)=( 0 , 347 , 248 )(dd,du,dv)=( 63 , 29 , 23 ),Normal: 1 Direction: 0 EOM: 0
		 Patch 10 ->(d1,u1,v1)=( 384 , 145 , 16 )(dd,du,dv)=( 191 , 298 , 843 ),Normal: 2 Direction: 1 EOM: 0
		 Patch 11 ->(d1,u1,v1)=( 256 , 186 , 129 )(dd,du,dv)=( 63 , 85 , 77 ),Normal: 0 Direction: 0 EOM: 0
		 Patch 12 ->(d1,u1,v1)=( 128 , 218 , 298 )(dd,du,dv)=( 63 , 51 , 22 ),Normal: 1 Direction: 0 EOM: 0
		 Patch 13 ->(d1,u1,v1)=( 128 , 280 , 306 )(dd,du,dv)=( 63 , 36 , 64 ),Normal: 2 Direction: 1 EOM: 0
		 Patch 14 ->(d1,u1,v1)=( 192 , 121 , 558 )(dd,du,dv)=( 127 , 61 , 148 ),Normal: 2 Direction: 1 EOM: 0
		 Patch 15 ->(d1,u1,v1)=( 192 , 122 , 584 )(dd,du,dv)=( 63 , 22 , 34 ),Normal: 0 Direction: 1 EOM: 0
		 Patch 16 ->(d1,u1,v1)=( 256 , 61 , 566 )(dd,du,dv)=( 63 , 51 , 116 ),Normal: 0 Direction: 1 EOM: 0
		 Patch 17 ->(d1,u1,v1)=( 128 , 158 , 574 )(dd,du,dv)=( 63 , 11 , 18 ),Normal: 0 Direction: 0 EOM: 0
		 Patch 18 ->(d1,u1,v1)=( 128 , 161 , 603 )(dd,du,dv)=( 63 , 10 , 18 ),Normal: 0 Direction: 0 EOM: 0
		 Patch 19 ->(d1,u1,v1)=( 896 , 126 , 142 )(dd,du,dv)=( 127 , 44 , 76 ),Normal: 1 Direction: 1 EOM: 0
		 Patch 20 ->(d1,u1,v1)=( 192 , 126 , 846 )(dd,du,dv)=( 63 , 102 , 166 ),Normal: 0 Direction: 0 EOM: 0
		 Patch 21 ->(d1,u1,v1)=( 832 , 184 , 230 )(dd,du,dv)=( 63 , 30 , 32 ),Normal: 1 Direction: 0 EOM: 0
		 Patch 22 ->(d1,u1,v1)=( 320 , 130 , 834 )(dd,du,dv)=( 127 , 95 , 172 ),Normal: 0 Direction: 1 EOM: 0
		 Patch 23 ->(d1,u1,v1)=( 256 , 211 , 857 )(dd,du,dv)=( 63 , 59 , 123 ),Normal: 2 Direction: 1 EOM: 0
		 Patch 24 ->(d1,u1,v1)=( 1024 , 135 , 223 )(dd,du,dv)=( 63 , 85 , 47 ),Normal: 1 Direction: 1 EOM: 0
		 Patch 25 ->(d1,u1,v1)=( 576 , 110 , 317 )(dd,du,dv)=( 127 , 85 , 121 ),Normal: 1 Direction: 0 EOM: 0
		 Patch 26 ->(d1,u1,v1)=( 512 , 123 , 646 )(dd,du,dv)=( 191 , 49 , 152 ),Normal: 0 Direction: 1 EOM: 0
		 Patch 27 ->(d1,u1,v1)=( 896 , 118 , 285 )(dd,du,dv)=( 127 , 40 , 68 ),Normal: 1 Direction: 1 EOM: 0
 # patches 28
 # resampled 1053070
 # raw points 25349
		 CC 0 -> 69
		 CC 1 -> 685
		 CC 2 -> 74
		 CC 3 -> 90
		 CC 4 -> 8325
		 CC 5 -> 60
		 CC 6 -> 110
		 CC 7 -> 2978
		 CC 8 -> 42
		 CC 9 -> 178
		 CC 10 -> 247
		 CC 11 -> 141
		 CC 12 -> 4439
		 CC 13 -> 737
		 CC 14 -> 158
		 CC 15 -> 291
		 CC 16 -> 119
		 CC 17 -> 129
		 CC 18 -> 123
		 CC 19 -> 159
		 CC 20 -> 146
		 CC 21 -> 61
		 CC 22 -> 439
		 CC 23 -> 443
		 CC 24 -> 104
		 CC 25 -> 849
		 CC 26 -> 30
		 CC 27 -> 110
		 CC 28 -> 640
		 CC 29 -> 426
 # CC 30
		 Patch 28 ->(d1,u1,v1)=( 320 , 33 , 183 )(dd,du,dv)=( 127 , 5 , 20 ),Normal: 0 Direction: 1 EOM: 0
		 Patch 29 ->(d1,u1,v1)=( 64 , 184 , 354 )(dd,du,dv)=( 63 , 25 , 57 ),Normal: 2 Direction: 0 EOM: 0
		 Patch 30 ->(d1,u1,v1)=( 128 , 124 , 440 )(dd,du,dv)=( 63 , 5 , 12 ),Normal: 0 Direction: 0 EOM: 0
		 Patch 31 ->(d1,u1,v1)=( 128 , 102 , 490 )(dd,du,dv)=( 63 , 16 , 8 ),Normal: 0 Direction: 0 EOM: 0
		 Patch 32 ->(d1,u1,v1)=( 320 , 170 , 121 )(dd,du,dv)=( 63 , 105 , 265 ),Normal: 0 Direction: 1 EOM: 0
		 Patch 33 ->(d1,u1,v1)=( 320 , 169 , 156 )(dd,du,dv)=( 63 , 2 , 16 ),Normal: 0 Direction: 1 EOM: 0
		 Patch 34 ->(d1,u1,v1)=( 320 , 329 , 48 )(dd,du,dv)=( 63 , 16 , 7 ),Normal: 0 Direction: 1 EOM: 0
		 Patch 35 ->(d1,u1,v1)=( 384 , 74 , 278 )(dd,du,dv)=( 127 , 73 , 165 ),Normal: 0 Direction: 1 EOM: 0
		 Patch 36 ->(d1,u1,v1)=( 320 , 198 , 285 )(dd,du,dv)=( 63 , 7 , 5 ),Normal: 0 Direction: 1 EOM: 0
		 Patch 37 ->(d1,u1,v1)=( 320 , 229 , 371 )(dd,du,dv)=( 63 , 7 , 19 ),Normal: 0 Direction: 1 EOM: 0
		 Patch 38 ->(d1,u1,v1)=( 320 , 229 , 397 )(dd,du,dv)=( 63 , 5 , 34 ),Normal: 0 Direction: 1 EOM: 0
		 Patch 39 ->(d1,u1,v1)=( 320 , 231 , 437 )(dd,du,dv)=( 63 , 4 , 20 ),Normal: 0 Direction: 1 EOM: 0
		 Patch 40 ->(d1,u1,v1)=( 128 , 122 , 568 )(dd,du,dv)=( 63 , 41 , 134 ),Normal: 0 Direction: 0 EOM: 0
		 Patch 41 ->(d1,u1,v1)=( 64 , 237 , 556 )(dd,du,dv)=( 63 , 32 , 38 ),Normal: 2 Direction: 0 EOM: 0
		 Patch 42 ->(d1,u1,v1)=( 64 , 251 , 591 )(dd,du,dv)=( 63 , 15 , 6 ),Normal: 2 Direction: 0 EOM: 0
		 Patch 43 ->(d1,u1,v1)=( 128 , 146 , 530 )(dd,du,dv)=( 63 , 9 , 36 ),Normal: 0 Direction: 0 EOM: 0
		 Patch 44 ->(d1,u1,v1)=( 192 , 148 , 607 )(dd,du,dv)=( 63 , 7 , 14 ),Normal: 2 Direction: 1 EOM: 0
		 Patch 45 ->(d1,u1,v1)=( 128 , 156 , 702 )(dd,du,dv)=( 63 , 8 , 20 ),Normal: 0 Direction: 0 EOM: 0
		 Patch 46 ->(d1,u1,v1)=( 64 , 211 , 914 )(dd,du,dv)=( 127 , 13 , 15 ),Normal: 2 Direction: 0 EOM: 0
		 Patch 47 ->(d1,u1,v1)=( 64 , 244 , 909 )(dd,du,dv)=( 63 , 12 , 16 ),Normal: 2 Direction: 0 EOM: 0
		 Patch 48 ->(d1,u1,v1)=( 64 , 305 , 610 )(dd,du,dv)=( 127 , 15 , 4 ),Normal: 2 Direction: 0 EOM: 0
		 Patch 49 ->(d1,u1,v1)=( 64 , 345 , 633 )(dd,du,dv)=( 63 , 11 , 11 ),Normal: 2 Direction: 0 EOM: 0
		 Patch 50 ->(d1,u1,v1)=( 576 , 127 , 363 )(dd,du,dv)=( 63 , 17 , 17 ),Normal: 1 Direction: 0 EOM: 0
		 Patch 51 ->(d1,u1,v1)=( 320 , 179 , 517 )(dd,du,dv)=( 63 , 19 , 67 ),Normal: 0 Direction: 1 EOM: 0
		 Patch 52 ->(d1,u1,v1)=( 256 , 321 , 624 )(dd,du,dv)=( 63 , 26 , 2 ),Normal: 2 Direction: 1 EOM: 0
		 Patch 53 ->(d1,u1,v1)=( 256 , 310 , 640 )(dd,du,dv)=( 127 , 24 , 51 ),Normal: 2 Direction: 1 EOM: 0
		 Patch 54 ->(d1,u1,v1)=( 640 , 121 , 406 )(dd,du,dv)=( 63 , 7 , 5 ),Normal: 1 Direction: 0 EOM: 0
		 Patch 55 ->(d1,u1,v1)=( 448 , 129 , 651 )(dd,du,dv)=( 63 , 8 , 10 ),Normal: 0 Direction: 1 EOM: 0
		 Patch 56 ->(d1,u1,v1)=( 320 , 146 , 850 )(dd,du,dv)=( 63 , 18 , 40 ),Normal: 0 Direction: 1 EOM: 0
		 Patch 57 ->(d1,u1,v1)=( 320 , 134 , 895 )(dd,du,dv)=( 63 , 37 , 26 ),Normal: 0 Direction: 1 EOM: 0
 # patches 58
 # resampled 1077744
 # raw points 4814
		 CC 0 -> 528
		 CC 1 -> 463
		 CC 2 -> 216
 # CC 3
		 Patch 58 ->(d1,u1,v1)=( 320 , 260 , 204 )(dd,du,dv)=( 63 , 10 , 100 ),Normal: 0 Direction: 1 EOM: 0
		 Patch 59 ->(d1,u1,v1)=( 320 , 104 , 367 )(dd,du,dv)=( 63 , 29 , 49 ),Normal: 0 Direction: 1 EOM: 0
		 Patch 60 ->(d1,u1,v1)=( 256 , 313 , 643 )(dd,du,dv)=( 127 , 18 , 38 ),Normal: 2 Direction: 1 EOM: 0
 # patches 61
 # resampled 1079212
 # raw points 3614
 # CC 0
[done]

============= FRAME 5 ============= 
  Computing normals for original point cloud... [done]
  Computing initial segmentation... [done]
  Refining segmentation (grid-based)... [done]
  Patch segmentation... 
	 Computing adjacency info... [done]

	 Extracting patches... 805874
		 CC 0 -> 218517
		 CC 1 -> 5623
		 CC 2 -> 2006
		 CC 3 -> 3424
		 CC 4 -> 177762
		 CC 5 -> 1007
		 CC 6 -> 3230
		 CC 7 -> 162201
		 CC 8 -> 4018
		 CC 9 -> 120503
		 CC 10 -> 4454
		 CC 11 -> 718
		 CC 12 -> 1717
		 CC 13 -> 70
		 CC 14 -> 1732
		 CC 15 -> 9586
		 CC 16 -> 7074
		 CC 17 -> 17
		 CC 18 -> 3302
		 CC 19 -> 17714
		 CC 20 -> 1301
		 CC 21 -> 21996
		 CC 22 -> 8368
		 CC 23 -> 4791
		 CC 24 -> 8853
		 CC 25 -> 2353
		 CC 26 -> 10224
		 CC 27 -> 39
		 CC 28 -> 3201
 # CC 29
		 Patch 0 ->(d1,u1,v1)=( 64 , 0 , 13 )(dd,du,dv)=( 191 , 382 , 817 ),Normal: 0 Direction: 0 EOM: 0
		 Patch 1 ->(d1,u1,v1)=( 0 , 214 , 10 )(dd,du,dv)=( 127 , 59 , 126 ),Normal: 2 Direction: 0 EOM: 0
		 Patch 2 ->(d1,u1,v1)=( 0 , 91 , 238 )(dd,du,dv)=( 63 , 57 , 42 ),Normal: 1 Direction: 0 EOM: 0
		 Patch 3 ->(d1,u1,v1)=( 192 , 233 , 12 )(dd,du,dv)=( 127 , 42 , 126 ),Normal: 2 Direction: 1 EOM: 0
		 Patch 4 ->(d1,u1,v1)=( 384 , 0 , 14 )(dd,du,dv)=( 191 , 378 , 604 ),Normal: 0 Direction: 1 EOM: 0
		 Patch 5 ->(d1,u1,v1)=( 128 , 8 , 232 )(dd,du,dv)=( 63 , 56 , 25 ),Normal: 1 Direction: 0 EOM: 0
		 Patch 6 ->(d1,u1,v1)=( 64 , 98 , 249 )(dd,du,dv)=( 127 , 112 , 37 ),Normal: 1 Direction: 0 EOM: 0
		 Patch 7 ->(d1,u1,v1)=( 0 , 113 , 202 )(dd,du,dv)=( 191 , 333 , 804 ),Normal: 2 Direction: 0 EOM: 0
		 Patch 8 ->(d1,u1,v1)=( 0 , 290 , 236 )(dd,du,dv)=( 127 , 110 , 46 ),Normal: 1 Direction: 0 EOM: 0
		 Patch 9 ->(d1,u1,v1)=( 448 , 146 , 21 )(dd,du,dv)=( 191 , 297 , 837 ),Normal: 2 Direction: 1 EOM: 0
		 Patch 10 ->(d1,u1,v1)=( 256 , 206 , 129 )(dd,du,dv)=( 63 , 68 , 77 ),Normal: 0 Direction: 0 EOM: 0
		 Patch 11 ->(d1,u1,v1)=( 128 , 226 , 306 )(dd,du,dv)=( 63 , 48 , 19 ),Normal: 1 Direction: 0 EOM: 0
		 Patch 12 ->(d1,u1,v1)=( 320 , 276 , 190 )(dd,du,dv)=( 63 , 26 , 64 ),Normal: 2 Direction: 1 EOM: 0
		 Patch 13 ->(d1,u1,v1)=( 320 , 256 , 229 )(dd,du,dv)=( 63 , 6 , 16 ),Normal: 0 Direction: 1 EOM: 0
		 Patch 14 ->(d1,u1,v1)=( 128 , 282 , 302 )(dd,du,dv)=( 63 , 29 , 52 ),Normal: 2 Direction: 1 EOM: 0
		 Patch 15 ->(d1,u1,v1)=( 192 , 121 , 562 )(dd,du,dv)=( 127 , 61 , 148 ),Normal: 2 Direction: 1 EOM: 0
		 Patch 16 ->(d1,u1,v1)=( 320 , 62 , 560 )(dd,du,dv)=( 127 , 56 , 122 ),Normal: 0 Direction: 1 EOM: 0
		 Patch 17 ->(d1,u1,v1)=( 128 , 166 , 584 )(dd,du,dv)=( 63 , 3 , 5 ),Normal: 0 Direction: 0 EOM: 0
		 Patch 18 ->(d1,u1,v1)=( 896 , 131 , 145 )(dd,du,dv)=( 127 , 42 , 75 ),Normal: 1 Direction: 1 EOM: 0
		 Patch 19 ->(d1,u1,v1)=( 192 , 135 , 845 )(dd,du,dv)=( 63 , 97 , 167 ),Normal: 0 Direction: 0 EOM: 0
		 Patch 20 ->(d1,u1,v1)=( 832 , 187 , 226 )(dd,du,dv)=( 63 , 35 , 36 ),Normal: 1 Direction: 0 EOM: 0
		 Patch 21 ->(d1,u1,v1)=( 320 , 130 , 832 )(dd,du,dv)=( 127 , 101 , 173 ),Normal: 0 Direction: 1 EOM: 0
		 Patch 22 ->(d1,u1,v1)=( 256 , 211 , 858 )(dd,du,dv)=( 63 , 60 , 120 ),Normal: 2 Direction: 1 EOM: 0
		 Patch 23 ->(d1,u1,v1)=( 1024 , 141 , 225 )(dd,du,dv)=( 63 , 85 , 47 ),Normal: 1 Direction: 1 EOM: 0
		 Patch 24 ->(d1,u1,v1)=( 576 , 118 , 305 )(dd,du,dv)=( 127 , 81 , 117 ),Normal: 1 Direction: 0 EOM: 0
		 Patch 25 ->(d1,u1,v1)=( 384 , 186 , 642 )(dd,du,dv)=( 127 , 36 , 60 ),Normal: 0 Direction: 1 EOM: 0
		 Patch 26 ->(d1,u1,v1)=( 512 , 122 , 628 )(dd,du,dv)=( 191 , 61 , 166 ),Normal: 0 Direction: 1 EOM: 0
		 Patch 27 ->(d1,u1,v1)=( 64 , 407 , 640 )(dd,du,dv)=( 127 , 5 , 9 ),Normal: 2 Direction: 0 EOM: 0
		 Patch 28 ->(d1,u1,v1)=( 896 , 125 , 288 )(dd,du,dv)=( 127 , 40 , 71 ),Normal: 1 Direction: 1 EOM: 0
 # patches 29
 # resampled 1012426
 # raw points 55664
		 CC 0 -> 142
		 CC 1 -> 71
		 CC 2 -> 72
		 CC 3 -> 8206
		 CC 4 -> 3246
		 CC 5 -> 61
		 CC 6 -> 247
		 CC 7 -> 358
		 CC 8 -> 55
		 CC 9 -> 160
		 CC 10 -> 16
		 CC 11 -> 467
		 CC 12 -> 4472
		 CC 13 -> 32453
		 CC 14 -> 162
		 CC 15 -> 84
		 CC 16 -> 73
		 CC 17 -> 142
		 CC 18 -> 447
		 CC 19 -> 107
		 CC 20 -> 44
		 CC 21 -> 2095
 # CC 22
		 Patch 29 ->(d1,u1,v1)=( 128 , 101 , 412 )(dd,du,dv)=( 127 , 17 , 26 ),Normal: 0 Direction: 0 EOM: 0
		 Patch 30 ->(d1,u1,v1)=( 128 , 110 , 488 )(dd,du,dv)=( 63 , 14 , 7 ),Normal: 0 Direction: 0 EOM: 0
		 Patch 31 ->(d1,u1,v1)=( 128 , 130 , 424 )(dd,du,dv)=( 63 , 6 , 18 ),Normal: 0 Direction: 0 EOM: 0
		 Patch 32 ->(d1,u1,v1)=( 320 , 183 , 123 )(dd,du,dv)=( 63 , 105 , 238 ),Normal: 0 Direction: 1 EOM: 0
		 Patch 33 ->(d1,u1,v1)=( 384 , 66 , 262 )(dd,du,dv)=( 127 , 89 , 190 ),Normal: 0 Direction: 1 EOM: 0
		 Patch 34 ->(d1,u1,v1)=( 320 , 202 , 272 )(dd,du,dv)=( 63 , 5 , 10 ),Normal: 0 Direction: 1 EOM: 0
		 Patch 35 ->(d1,u1,v1)=( 320 , 204 , 302 )(dd,du,dv)=( 63 , 6 , 21 ),Normal: 0 Direction: 1 EOM: 0
		 Patch 36 ->(d1,u1,v1)=( 320 , 232 , 361 )(dd,du,dv)=( 63 , 7 , 28 ),Normal: 0 Direction: 1 EOM: 0
		 Patch 37 ->(d1,u1,v1)=( 320 , 234 , 417 )(dd,du,dv)=( 63 , 3 , 11 ),Normal: 0 Direction: 1 EOM: 0
		 Patch 38 ->(d1,u1,v1)=( 320 , 234 , 431 )(dd,du,dv)=( 63 , 6 , 24 ),Normal: 0 Direction: 1 EOM: 0
		 Patch 39 ->(d1,u1,v1)=( 320 , 213 , 464 )(dd,du,dv)=( 63 , 4 , 6 ),Normal: 0 Direction: 1 EOM: 0
		 Patch 40 ->(d1,u1,v1)=( 64 , 245 , 556 )(dd,du,dv)=( 63 , 27 , 30 ),Normal: 2 Direction: 0 EOM: 0
		 Patch 41 ->(d1,u1,v1)=( 128 , 129 , 529 )(dd,du,dv)=( 63 , 33 , 174 ),Normal: 0 Direction: 0 EOM: 0
		 Patch 42 ->(d1,u1,v1)=( 256 , 146 , 610 )(dd,du,dv)=( 127 , 296 , 248 ),Normal: 2 Direction: 1 EOM: 0
		 Patch 43 ->(d1,u1,v1)=( 64 , 247 , 911 )(dd,du,dv)=( 63 , 16 , 12 ),Normal: 2 Direction: 0 EOM: 0
		 Patch 44 ->(d1,u1,v1)=( 192 , 150 , 910 )(dd,du,dv)=( 63 , 10 , 6 ),Normal: 0 Direction: 0 EOM: 0
		 Patch 45 ->(d1,u1,v1)=( 64 , 256 , 591 )(dd,du,dv)=( 63 , 13 , 3 ),Normal: 2 Direction: 0 EOM: 0
		 Patch 46 ->(d1,u1,v1)=( 64 , 342 , 633 )(dd,du,dv)=( 63 , 18 , 15 ),Normal: 2 Direction: 0 EOM: 0
		 Patch 47 ->(d1,u1,v1)=( 320 , 183 , 513 )(dd,du,dv)=( 63 , 18 , 63 ),Normal: 0 Direction: 1 EOM: 0
		 Patch 48 ->(d1,u1,v1)=( 448 , 125 , 638 )(dd,du,dv)=( 63 , 10 , 10 ),Normal: 0 Direction: 1 EOM: 0
		 Patch 49 ->(d1,u1,v1)=( 448 , 132 , 652 )(dd,du,dv)=( 63 , 6 , 7 ),Normal: 0 Direction: 1 EOM: 0
		 Patch 50 ->(d1,u1,v1)=( 320 , 141 , 864 )(dd,du,dv)=( 63 , 42 , 55 ),Normal: 0 Direction: 1 EOM: 0
 # patches 51
 # resampled 1078218
 # raw points 4588
		 CC 0 -> 64
		 CC 1 -> 37
		 CC 2 -> 676
		 CC 3 -> 379
		 CC 4 -> 182
		 CC 5 -> 92
		 CC 6 -> 72
		 CC 7 -> 104
 # CC 8
		 Patch 51 ->(d1,u1,v1)=( 320 , 195 , 128 )(dd,du,dv)=( 63 , 10 , 11 ),Normal: 0 Direction: 1 EOM: 0
		 Patch 52 ->(d1,u1,v1)=( 320 , 265 , 182 )(dd,du,dv)=( 63 , 5 , 6 ),Normal: 0 Direction: 1 EOM: 0
		 Patch 53 ->(d1,u1,v1)=( 320 , 97 , 352 )(dd,du,dv)=( 63 , 41 , 67 ),Normal: 0 Direction: 1 EOM: 0
		 Patch 54 ->(d1,u1,v1)=( 320 , 258 , 255 )(dd,du,dv)=( 63 , 11 , 54 ),Normal: 0 Direction: 1 EOM: 0
		 Patch 55 ->(d1,u1,v1)=( 128 , 135 , 576 )(dd,du,dv)=( 63 , 11 , 25 ),Normal: 0 Direction: 0 EOM: 0
		 Patch 56 ->(d1,u1,v1)=( 320 , 157 , 873 )(dd,du,dv)=( 63 , 11 , 6 ),Normal: 0 Direction: 1 EOM: 0
		 Patch 57 ->(d1,u1,v1)=( 320 , 146 , 887 )(dd,du,dv)=( 63 , 7 , 12 ),Normal: 0 Direction: 1 EOM: 0
		 Patch 58 ->(d1,u1,v1)=( 320 , 164 , 905 )(dd,du,dv)=( 63 , 15 , 12 ),Normal: 0 Direction: 1 EOM: 0
 # patches 59
 # resampled 1080074
 # raw points 3023
 # CC 0
[done]

============= FRAME 6 ============= 
  Computing normals for original point cloud... [done]
  Computing initial segmentation... [done]
  Refining segmentation (grid-based)... [done]
  Patch segmentation... 
	 Computing adjacency info... [done]

	 Extracting patches... 806487
		 CC 0 -> 222137
		 CC 1 -> 5637
		 CC 2 -> 2020
		 CC 3 -> 3469
		 CC 4 -> 183954
		 CC 5 -> 1267
		 CC 6 -> 510
		 CC 7 -> 3851
		 CC 8 -> 123450
		 CC 9 -> 148803
		 CC 10 -> 698
		 CC 11 -> 4611
		 CC 12 -> 102
		 CC 13 -> 2161
		 CC 14 -> 1241
		 CC 15 -> 9331
		 CC 16 -> 7048
		 CC 17 -> 1047
		 CC 18 -> 19
		 CC 19 -> 3227
		 CC 20 -> 18697
		 CC 21 -> 8263
		 CC 22 -> 1043
		 CC 23 -> 22337
		 CC 24 -> 4369
		 CC 25 -> 12575
		 CC 26 -> 3508
		 CC 27 -> 8488
		 CC 28 -> 2496
		 CC 29 -> 18
 # CC 30
		 Patch 0 ->(d1,u1,v1)=( 64 , 1 , 13 )(dd,du,dv)=( 191 , 401 , 818 ),Normal: 0 Direction: 0 EOM: 0
		 Patch 1 ->(d1,u1,v1)=( 0 , 214 , 11 )(dd,du,dv)=( 127 , 60 , 123 ),Normal: 2 Direction: 0 EOM: 0
		 Patch 2 ->(d1,u1,v1)=( 0 , 92 , 238 )(dd,du,dv)=( 63 , 56 , 42 ),Normal: 1 Direction: 0 EOM: 0
		 Patch 3 ->(d1,u1,v1)=( 192 , 233 , 12 )(dd,du,dv)=( 127 , 43 , 118 ),Normal: 2 Direction: 1 EOM: 0
		 Patch 4 ->(d1,u1,v1)=( 384 , 1 , 14 )(dd,du,dv)=( 191 , 401 , 609 ),Normal: 0 Direction: 1 EOM: 0
		 Patch 5 ->(d1,u1,v1)=( 128 , 6 , 233 )(dd,du,dv)=( 63 , 58 , 28 ),Normal: 1 Direction: 0 EOM: 0
		 Patch 6 ->(d1,u1,v1)=( 128 , 105 , 246 )(dd,du,dv)=( 63 , 37 , 20 ),Normal: 1 Direction: 0 EOM: 0
		 Patch 7 ->(d1,u1,v1)=( 0 , 310 , 236 )(dd,du,dv)=( 127 , 110 , 46 ),Normal: 1 Direction: 0 EOM: 0
		 Patch 8 ->(d1,u1,v1)=( 448 , 149 , 26 )(dd,du,dv)=( 191 , 297 , 832 ),Normal: 2 Direction: 1 EOM: 0
		 Patch 9 ->(d1,u1,v1)=( 0 , 118 , 270 )(dd,du,dv)=( 191 , 328 , 736 ),Normal: 2 Direction: 0 EOM: 0
		 Patch 10 ->(d1,u1,v1)=( 64 , 176 , 258 )(dd,du,dv)=( 127 , 39 , 24 ),Normal: 1 Direction: 0 EOM: 0
		 Patch 11 ->(d1,u1,v1)=( 256 , 219 , 130 )(dd,du,dv)=( 63 , 58 , 71 ),Normal: 0 Direction: 0 EOM: 0
		 Patch 12 ->(d1,u1,v1)=( 320 , 247 , 182 )(dd,du,dv)=( 63 , 14 , 20 ),Normal: 0 Direction: 1 EOM: 0
		 Patch 13 ->(d1,u1,v1)=( 320 , 273 , 190 )(dd,du,dv)=( 63 , 33 , 60 ),Normal: 2 Direction: 1 EOM: 0
		 Patch 14 ->(d1,u1,v1)=( 128 , 280 , 298 )(dd,du,dv)=( 63 , 28 , 41 ),Normal: 2 Direction: 1 EOM: 0
		 Patch 15 ->(d1,u1,v1)=( 192 , 122 , 566 )(dd,du,dv)=( 63 , 61 , 140 ),Normal: 2 Direction: 1 EOM: 0
		 Patch 16 ->(d1,u1,v1)=( 320 , 67 , 562 )(dd,du,dv)=( 127 , 55 , 120 ),Normal: 0 Direction: 1 EOM: 0
		 Patch 17 ->(d1,u1,v1)=( 192 , 135 , 573 )(dd,du,dv)=( 63 , 21 , 53 ),Normal: 0 Direction: 1 EOM: 0
		 Patch 18 ->(d1,u1,v1)=( 128 , 174 , 624 )(dd,du,dv)=( 63 , 4 , 8 ),Normal: 0 Direction: 0 EOM: 0
		 Patch 19 ->(d1,u1,v1)=( 896 , 137 , 149 )(dd,du,dv)=( 127 , 42 , 73 ),Normal: 1 Direction: 1 EOM: 0
		 Patch 20 ->(d1,u1,v1)=( 192 , 134 , 846 )(dd,du,dv)=( 63 , 105 , 168 ),Normal: 0 Direction: 0 EOM: 0
		 Patch 21 ->(d1,u1,v1)=( 256 , 213 , 857 )(dd,du,dv)=( 63 , 58 , 122 ),Normal: 2 Direction: 1 EOM: 0
		 Patch 22 ->(d1,u1,v1)=( 832 , 194 , 230 )(dd,du,dv)=( 63 , 35 , 30 ),Normal: 1 Direction: 0 EOM: 0
		 Patch 23 ->(d1,u1,v1)=( 320 , 133 , 834 )(dd,du,dv)=( 127 , 104 , 174 ),Normal: 0 Direction: 1 EOM: 0
		 Patch 24 ->(d1,u1,v1)=( 1024 , 148 , 222 )(dd,du,dv)=( 63 , 83 , 46 ),Normal: 1 Direction: 1 EOM: 0
		 Patch 25 ->(d1,u1,v1)=( 576 , 122 , 302 )(dd,du,dv)=( 127 , 84 , 138 ),Normal: 1 Direction: 0 EOM: 0
		 Patch 26 ->(d1,u1,v1)=( 384 , 190 , 638 )(dd,du,dv)=( 127 , 42 , 72 ),Normal: 0 Direction: 1 EOM: 0
		 Patch 27 ->(d1,u1,v1)=( 512 , 128 , 644 )(dd,du,dv)=( 191 , 50 , 162 ),Normal: 0 Direction: 1 EOM: 0
		 Patch 28 ->(d1,u1,v1)=( 896 , 131 , 290 )(dd,du,dv)=( 127 , 37 , 61 ),Normal: 1 Direction: 1 EOM: 0
		 Patch 29 ->(d1,u1,v1)=( 128 , 287 , 844 )(dd,du,dv)=( 63 , 5 , 5 ),Normal: 2 Direction: 0 EOM: 0
 # patches 30
 # resampled 1010478
 # raw points 51690
		 CC 0 -> 1491
		 CC 1 -> 42
		 CC 2 -> 32
		 CC 3 -> 126
		 CC 4 -> 8011
		 CC 5 -> 130
		 CC 6 -> 40
		 CC 7 -> 294
		 CC 8 -> 2836
		 CC 9 -> 292
		 CC 10 -> 49
		 CC 11 -> 187
		 CC 12 -> 185
		 CC 13 -> 271
		 CC 14 -> 3827
		 CC 15 -> 116
		 CC 16 -> 28191
		 CC 17 -> 166
		 CC 18 -> 61
		 CC 19 -> 120
		 CC 20 -> 123
		 CC 21 -> 230
		 CC 22 -> 377
		 CC 23 -> 375
		 CC 24 -> 130
		 CC 25 -> 100
		 CC 26 -> 1006
 # CC 27
		 Patch 30 ->(d1,u1,v1)=( 128 , 94 , 389 )(dd,du,dv)=( 127 , 40 , 60 ),Normal: 0 Direction: 0 EOM: 0
		 Patch 31 ->(d1,u1,v1)=( 128 , 134 , 466 )(dd,du,dv)=( 63 , 7 , 5 ),Normal: 0 Direction: 0 EOM: 0
		 Patch 32 ->(d1,u1,v1)=( 128 , 140 , 489 )(dd,du,dv)=( 63 , 1 , 8 ),Normal: 0 Direction: 0 EOM: 0
		 Patch 33 ->(d1,u1,v1)=( 128 , 129 , 460 )(dd,du,dv)=( 63 , 10 , 9 ),Normal: 0 Direction: 0 EOM: 0
		 Patch 34 ->(d1,u1,v1)=( 320 , 194 , 122 )(dd,du,dv)=( 63 , 95 , 258 ),Normal: 0 Direction: 1 EOM: 0
		 Patch 35 ->(d1,u1,v1)=( 384 , 241 , 133 )(dd,du,dv)=( 127 , 29 , 7 ),Normal: 0 Direction: 1 EOM: 0
		 Patch 36 ->(d1,u1,v1)=( 256 , 273 , 173 )(dd,du,dv)=( 63 , 5 , 11 ),Normal: 0 Direction: 0 EOM: 0
		 Patch 37 ->(d1,u1,v1)=( 320 , 75 , 275 )(dd,du,dv)=( 63 , 10 , 37 ),Normal: 0 Direction: 1 EOM: 0
		 Patch 38 ->(d1,u1,v1)=( 384 , 87 , 318 )(dd,du,dv)=( 127 , 79 , 148 ),Normal: 0 Direction: 1 EOM: 0
		 Patch 39 ->(d1,u1,v1)=( 320 , 207 , 311 )(dd,du,dv)=( 63 , 9 , 32 ),Normal: 0 Direction: 1 EOM: 0
		 Patch 40 ->(d1,u1,v1)=( 320 , 212 , 375 )(dd,du,dv)=( 63 , 6 , 6 ),Normal: 0 Direction: 1 EOM: 0
		 Patch 41 ->(d1,u1,v1)=( 320 , 211 , 380 )(dd,du,dv)=( 63 , 4 , 28 ),Normal: 0 Direction: 1 EOM: 0
		 Patch 42 ->(d1,u1,v1)=( 320 , 238 , 392 )(dd,du,dv)=( 63 , 5 , 23 ),Normal: 0 Direction: 1 EOM: 0
		 Patch 43 ->(d1,u1,v1)=( 64 , 252 , 557 )(dd,du,dv)=( 63 , 17 , 17 ),Normal: 2 Direction: 0 EOM: 0
		 Patch 44 ->(d1,u1,v1)=( 128 , 134 , 528 )(dd,du,dv)=( 63 , 43 , 174 ),Normal: 0 Direction: 0 EOM: 0
		 Patch 45 ->(d1,u1,v1)=( 192 , 156 , 624 )(dd,du,dv)=( 63 , 7 , 9 ),Normal: 2 Direction: 1 EOM: 0
		 Patch 46 ->(d1,u1,v1)=( 256 , 150 , 634 )(dd,du,dv)=( 127 , 296 , 224 ),Normal: 2 Direction: 1 EOM: 0
		 Patch 47 ->(d1,u1,v1)=( 64 , 250 , 910 )(dd,du,dv)=( 127 , 12 , 9 ),Normal: 2 Direction: 0 EOM: 0
		 Patch 48 ->(d1,u1,v1)=( 192 , 139 , 908 )(dd,du,dv)=( 63 , 11 , 6 ),Normal: 0 Direction: 0 EOM: 0
		 Patch 49 ->(d1,u1,v1)=( 64 , 264 , 565 )(dd,du,dv)=( 63 , 14 , 9 ),Normal: 2 Direction: 0 EOM: 0
		 Patch 50 ->(d1,u1,v1)=( 64 , 280 , 601 )(dd,du,dv)=( 63 , 15 , 8 ),Normal: 2 Direction: 0 EOM: 0
		 Patch 51 ->(d1,u1,v1)=( 64 , 343 , 633 )(dd,du,dv)=( 127 , 20 , 14 ),Normal: 2 Direction: 0 EOM: 0
		 Patch 52 ->(d1,u1,v1)=( 384 , 187 , 515 )(dd,du,dv)=( 127 , 19 , 57 ),Normal: 0 Direction: 1 EOM: 0
		 Patch 53 ->(d1,u1,v1)=( 576 , 132 , 366 )(dd,du,dv)=( 63 , 17 , 16 ),Normal: 1 Direction: 0 EOM: 0
		 Patch 54 ->(d1,u1,v1)=( 256 , 320 , 620 )(dd,du,dv)=( 63 , 36 , 4 ),Normal: 2 Direction: 1 EOM: 0
		 Patch 55 ->(d1,u1,v1)=( 448 , 135 , 650 )(dd,du,dv)=( 63 , 9 , 10 ),Normal: 0 Direction: 1 EOM: 0
		 Patch 56 ->(d1,u1,v1)=( 320 , 146 , 871 )(dd,du,dv)=( 63 , 40 , 42 ),Normal: 0 Direction: 1 EOM: 0
 # patches 57
 # resampled 1070640
 # raw points 5134
		 CC 0 -> 364
		 CC 1 -> 115
		 CC 2 -> 377
		 CC 3 -> 722
		 CC 4 -> 69
		 CC 5 -> 66
 # CC 6
		 Patch 57 ->(d1,u1,v1)=( 128 , 96 , 391 )(dd,du,dv)=( 127 , 31 , 47 ),Normal: 0 Direction: 0 EOM: 0
		 Patch 58 ->(d1,u1,v1)=( 320 , 209 , 128 )(dd,du,dv)=( 63 , 13 , 19 ),Normal: 0 Direction: 1 EOM: 0
		 Patch 59 ->(d1,u1,v1)=( 320 , 262 , 248 )(dd,du,dv)=( 63 , 9 , 81 ),Normal: 0 Direction: 1 EOM: 0
		 Patch 60 ->(d1,u1,v1)=( 320 , 94 , 337 )(dd,du,dv)=( 63 , 46 , 78 ),Normal: 0 Direction: 1 EOM: 0
		 Patch 61 ->(d1,u1,v1)=( 64 , 258 , 558 )(dd,du,dv)=( 63 , 9 , 5 ),Normal: 2 Direction: 0 EOM: 0
		 Patch 62 ->(d1,u1,v1)=( 320 , 175 , 901 )(dd,du,dv)=( 63 , 9 , 10 ),Normal: 0 Direction: 1 EOM: 0
 # patches 63
 # resampled 1073012
 # raw points 3449
 # CC 0
[done]

============= FRAME 7 ============= 
  Computing normals for original point cloud... [done]
  Computing initial segmentation... [done]
  Refining segmentation (grid-based)... [done]
  Patch segmentation... 
	 Computing adjacency info... [done]

	 Extracting patches... 805029
		 CC 0 -> 219563
		 CC 1 -> 5471
		 CC 2 -> 1870
		 CC 3 -> 3645
		 CC 4 -> 1462
		 CC 5 -> 181628
		 CC 6 -> 1381
		 CC 7 -> 697
		 CC 8 -> 844
		 CC 9 -> 3881
		 CC 10 -> 127977
		 CC 11 -> 1449
		 CC 12 -> 145959
		 CC 13 -> 4962
		 CC 14 -> 1498
		 CC 15 -> 1625
		 CC 16 -> 9342
		 CC 17 -> 7261
		 CC 18 -> 1008
		 CC 19 -> 32
		 CC 20 -> 3374
		 CC 21 -> 17113
		 CC 22 -> 8179
		 CC 23 -> 897
		 CC 24 -> 4539
		 CC 25 -> 1161
		 CC 26 -> 12144
		 CC 27 -> 1689
		 CC 28 -> 9713
		 CC 29 -> 2642
		 CC 30 -> 21941
 # CC 31
		 Patch 0 ->(d1,u1,v1)=( 64 , 10 , 14 )(dd,du,dv)=( 191 , 411 , 812 ),Normal: 0 Direction: 0 EOM: 0
		 Patch 1 ->(d1,u1,v1)=( 0 , 214 , 10 )(dd,du,dv)=( 127 , 60 , 117 ),Normal: 2 Direction: 0 EOM: 0
		 Patch 2 ->(d1,u1,v1)=( 0 , 92 , 238 )(dd,du,dv)=( 63 , 56 , 41 ),Normal: 1 Direction: 0 EOM: 0
		 Patch 3 ->(d1,u1,v1)=( 192 , 233 , 11 )(dd,du,dv)=( 127 , 43 , 125 ),Normal: 2 Direction: 1 EOM: 0
		 Patch 4 ->(d1,u1,v1)=( 64 , 6 , 234 )(dd,du,dv)=( 127 , 60 , 26 ),Normal: 1 Direction: 0 EOM: 0
		 Patch 5 ->(d1,u1,v1)=( 384 , 9 , 13 )(dd,du,dv)=( 191 , 412 , 613 ),Normal: 0 Direction: 1 EOM: 0
		 Patch 6 ->(d1,u1,v1)=( 64 , 184 , 254 )(dd,du,dv)=( 127 , 50 , 40 ),Normal: 1 Direction: 0 EOM: 0
		 Patch 7 ->(d1,u1,v1)=( 0 , 239 , 140 )(dd,du,dv)=( 63 , 19 , 38 ),Normal: 2 Direction: 0 EOM: 0
		 Patch 8 ->(d1,u1,v1)=( 128 , 105 , 232 )(dd,du,dv)=( 63 , 41 , 26 ),Normal: 1 Direction: 0 EOM: 0
		 Patch 9 ->(d1,u1,v1)=( 0 , 323 , 235 )(dd,du,dv)=( 127 , 111 , 44 ),Normal: 1 Direction: 0 EOM: 0
		 Patch 10 ->(d1,u1,v1)=( 448 , 149 , 50 )(dd,du,dv)=( 191 , 297 , 808 ),Normal: 2 Direction: 1 EOM: 0
		 Patch 11 ->(d1,u1,v1)=( 64 , 402 , 238 )(dd,du,dv)=( 63 , 32 , 40 ),Normal: 1 Direction: 1 EOM: 0
		 Patch 12 ->(d1,u1,v1)=( 0 , 119 , 282 )(dd,du,dv)=( 191 , 328 , 722 ),Normal: 2 Direction: 0 EOM: 0
		 Patch 13 ->(d1,u1,v1)=( 320 , 273 , 126 )(dd,du,dv)=( 127 , 44 , 112 ),Normal: 2 Direction: 1 EOM: 0
		 Patch 14 ->(d1,u1,v1)=( 256 , 249 , 137 )(dd,du,dv)=( 127 , 29 , 37 ),Normal: 0 Direction: 0 EOM: 0
		 Patch 15 ->(d1,u1,v1)=( 128 , 280 , 306 )(dd,du,dv)=( 63 , 31 , 50 ),Normal: 2 Direction: 1 EOM: 0
		 Patch 16 ->(d1,u1,v1)=( 192 , 126 , 562 )(dd,du,dv)=( 63 , 59 , 145 ),Normal: 2 Direction: 1 EOM: 0
		 Patch 17 ->(d1,u1,v1)=( 320 , 71 , 560 )(dd,du,dv)=( 127 , 56 , 122 ),Normal: 0 Direction: 1 EOM: 0
		 Patch 18 ->(d1,u1,v1)=( 192 , 140 , 574 )(dd,du,dv)=( 63 , 20 , 56 ),Normal: 0 Direction: 1 EOM: 0
		 Patch 19 ->(d1,u1,v1)=( 128 , 181 , 585 )(dd,du,dv)=( 63 , 5 , 5 ),Normal: 0 Direction: 0 EOM: 0
		 Patch 20 ->(d1,u1,v1)=( 896 , 145 , 149 )(dd,du,dv)=( 127 , 41 , 77 ),Normal: 1 Direction: 1 EOM: 0
		 Patch 21 ->(d1,u1,v1)=( 192 , 153 , 842 )(dd,du,dv)=( 63 , 93 , 169 ),Normal: 0 Direction: 0 EOM: 0
		 Patch 22 ->(d1,u1,v1)=( 256 , 214 , 856 )(dd,du,dv)=( 63 , 58 , 122 ),Normal: 2 Direction: 1 EOM: 0
		 Patch 23 ->(d1,u1,v1)=( 832 , 202 , 230 )(dd,du,dv)=( 63 , 32 , 30 ),Normal: 1 Direction: 0 EOM: 0
		 Patch 24 ->(d1,u1,v1)=( 1024 , 150 , 221 )(dd,du,dv)=( 63 , 87 , 47 ),Normal: 1 Direction: 1 EOM: 0
		 Patch 25 ->(d1,u1,v1)=( 576 , 82 , 256 )(dd,du,dv)=( 63 , 36 , 44 ),Normal: 1 Direction: 1 EOM: 0
		 Patch 26 ->(d1,u1,v1)=( 576 , 126 , 302 )(dd,du,dv)=( 127 , 87 , 133 ),Normal: 1 Direction: 0 EOM: 0
		 Patch 27 ->(d1,u1,v1)=( 384 , 202 , 641 )(dd,du,dv)=( 127 , 35 , 45 ),Normal: 0 Direction: 1 EOM: 0
		 Patch 28 ->(d1,u1,v1)=( 512 , 137 , 640 )(dd,du,dv)=( 191 , 55 , 163 ),Normal: 0 Direction: 1 EOM: 0
		 Patch 29 ->(d1,u1,v1)=( 896 , 139 , 294 )(dd,du,dv)=( 127 , 38 , 62 ),Normal: 1 Direction: 1 EOM: 0
		 Patch 30 ->(d1,u1,v1)=( 320 , 142 , 831 )(dd,du,dv)=( 63 , 101 , 175 ),Normal: 0 Direction: 1 EOM: 0
 # patches 31
 # resampled 1013766
 # raw points 45646
		 CC 0 -> 152
		 CC 1 -> 1494
		 CC 2 -> 50
		 CC 3 -> 151
		 CC 4 -> 32
		 CC 5 -> 67
		 CC 6 -> 6254
		 CC 7 -> 250
		 CC 8 -> 159
		 CC 9 -> 138
		 CC 10 -> 144
		 CC 11 -> 566
		 CC 12 -> 2031
		 CC 13 -> 695
		 CC 14 -> 377
		 CC 15 -> 307
		 CC 16 -> 159
		 CC 17 -> 244
		 CC 18 -> 3422
		 CC 19 -> 22714
		 CC 20 -> 244
		 CC 21 -> 169
		 CC 22 -> 321
		 CC 23 -> 225
		 CC 24 -> 163
		 CC 25 -> 93
		 CC 26 -> 89
		 CC 27 -> 72
		 CC 28 -> 225
		 CC 29 -> 145
		 CC 30 -> 1286
		 CC 31 -> 91
		 CC 32 -> 42
 # CC 33
		 Patch 31 ->(d1,u1,v1)=( 0 , 237 , 332 )(dd,du,dv)=( 63 , 21 , 9 ),Normal: 2 Direction: 0 EOM: 0
		 Patch 32 ->(d1,u1,v1)=( 128 , 95 , 379 )(dd,du,dv)=( 127 , 44 , 63 ),Normal: 0 Direction: 0 EOM: 0
		 Patch 33 ->(d1,u1,v1)=( 128 , 148 , 475 )(dd,du,dv)=( 63 , 4 , 8 ),Normal: 0 Direction: 0 EOM: 0
		 Patch 34 ->(d1,u1,v1)=( 128 , 147 , 485 )(dd,du,dv)=( 63 , 3 , 28 ),Normal: 0 Direction: 0 EOM: 0
		 Patch 35 ->(d1,u1,v1)=( 128 , 138 , 462 )(dd,du,dv)=( 63 , 5 , 5 ),Normal: 0 Direction: 0 EOM: 0
		 Patch 36 ->(d1,u1,v1)=( 128 , 174 , 442 )(dd,du,dv)=( 63 , 9 , 10 ),Normal: 0 Direction: 0 EOM: 0
		 Patch 37 ->(d1,u1,v1)=( 320 , 226 , 125 )(dd,du,dv)=( 63 , 55 , 263 ),Normal: 0 Direction: 1 EOM: 0
		 Patch 38 ->(d1,u1,v1)=( 320 , 31 , 208 )(dd,du,dv)=( 63 , 24 , 34 ),Normal: 0 Direction: 1 EOM: 0
		 Patch 39 ->(d1,u1,v1)=( 384 , 243 , 131 )(dd,du,dv)=( 127 , 32 , 10 ),Normal: 0 Direction: 1 EOM: 0
		 Patch 40 ->(d1,u1,v1)=( 320 , 385 , 40 )(dd,du,dv)=( 63 , 24 , 9 ),Normal: 0 Direction: 1 EOM: 0
		 Patch 41 ->(d1,u1,v1)=( 320 , 58 , 251 )(dd,du,dv)=( 63 , 16 , 22 ),Normal: 0 Direction: 1 EOM: 0
		 Patch 42 ->(d1,u1,v1)=( 320 , 71 , 275 )(dd,du,dv)=( 63 , 21 , 43 ),Normal: 0 Direction: 1 EOM: 0
		 Patch 43 ->(d1,u1,v1)=( 384 , 105 , 342 )(dd,du,dv)=( 127 , 67 , 125 ),Normal: 0 Direction: 1 EOM: 0
		 Patch 44 ->(d1,u1,v1)=( 320 , 217 , 350 )(dd,du,dv)=( 63 , 9 , 48 ),Normal: 0 Direction: 1 EOM: 0
		 Patch 45 ->(d1,u1,v1)=( 320 , 210 , 344 )(dd,du,dv)=( 63 , 10 , 57 ),Normal: 0 Direction: 1 EOM: 0
		 Patch 46 ->(d1,u1,v1)=( 320 , 239 , 355 )(dd,du,dv)=( 63 , 9 , 41 ),Normal: 0 Direction: 1 EOM: 0
		 Patch 47 ->(d1,u1,v1)=( 64 , 151 , 616 )(dd,du,dv)=( 127 , 7 , 33 ),Normal: 2 Direction: 0 EOM: 0
		 Patch 48 ->(d1,u1,v1)=( 128 , 168 , 524 )(dd,du,dv)=( 63 , 8 , 42 ),Normal: 0 Direction: 0 EOM: 0
		 Patch 49 ->(d1,u1,v1)=( 128 , 140 , 567 )(dd,du,dv)=( 63 , 44 , 133 ),Normal: 0 Direction: 0 EOM: 0
		 Patch 50 ->(d1,u1,v1)=( 256 , 150 , 638 )(dd,du,dv)=( 127 , 296 , 219 ),Normal: 2 Direction: 1 EOM: 0
		 Patch 51 ->(d1,u1,v1)=( 128 , 251 , 908 )(dd,du,dv)=( 63 , 26 , 14 ),Normal: 2 Direction: 0 EOM: 0
		 Patch 52 ->(d1,u1,v1)=( 64 , 256 , 562 )(dd,du,dv)=( 63 , 23 , 8 ),Normal: 2 Direction: 0 EOM: 0
		 Patch 53 ->(d1,u1,v1)=( 64 , 337 , 634 )(dd,du,dv)=( 127 , 31 , 15 ),Normal: 2 Direction: 0 EOM: 0
		 Patch 54 ->(d1,u1,v1)=( 384 , 196 , 521 )(dd,du,dv)=( 127 , 15 , 43 ),Normal: 0 Direction: 1 EOM: 0
		 Patch 55 ->(d1,u1,v1)=( 64 , 278 , 600 )(dd,du,dv)=( 127 , 28 , 15 ),Normal: 2 Direction: 0 EOM: 0
		 Patch 56 ->(d1,u1,v1)=( 576 , 187 , 331 )(dd,du,dv)=( 63 , 5 , 18 ),Normal: 1 Direction: 0 EOM: 0
		 Patch 57 ->(d1,u1,v1)=( 576 , 144 , 341 )(dd,du,dv)=( 63 , 18 , 16 ),Normal: 1 Direction: 0 EOM: 0
		 Patch 58 ->(d1,u1,v1)=( 256 , 327 , 620 )(dd,du,dv)=( 63 , 25 , 2 ),Normal: 2 Direction: 1 EOM: 0
		 Patch 59 ->(d1,u1,v1)=( 256 , 334 , 632 )(dd,du,dv)=( 63 , 21 , 10 ),Normal: 2 Direction: 1 EOM: 0
		 Patch 60 ->(d1,u1,v1)=( 448 , 144 , 645 )(dd,du,dv)=( 63 , 11 , 13 ),Normal: 0 Direction: 1 EOM: 0
		 Patch 61 ->(d1,u1,v1)=( 320 , 165 , 863 )(dd,du,dv)=( 63 , 37 , 58 ),Normal: 0 Direction: 1 EOM: 0
		 Patch 62 ->(d1,u1,v1)=( 320 , 160 , 895 )(dd,du,dv)=( 63 , 7 , 7 ),Normal: 0 Direction: 1 EOM: 0
		 Patch 63 ->(d1,u1,v1)=( 320 , 197 , 909 )(dd,du,dv)=( 63 , 6 , 8 ),Normal: 0 Direction: 1 EOM: 0
 # patches 64
 # resampled 1064224
 # raw points 5417
		 CC 0 -> 373
		 CC 1 -> 510
		 CC 2 -> 497
		 CC 3 -> 95
		 CC 4 -> 84
 # CC 5
		 Patch 64 ->(d1,u1,v1)=( 192 , 98 , 382 )(dd,du,dv)=( 63 , 33 , 49 ),Normal: 0 Direction: 0 EOM: 0
		 Patch 65 ->(d1,u1,v1)=( 320 , 265 , 231 )(dd,du,dv)=( 63 , 8 , 121 ),Normal: 0 Direction: 1 EOM: 0
		 Patch 66 ->(d1,u1,v1)=( 320 , 109 , 355 )(dd,du,dv)=( 63 , 40 , 65 ),Normal: 0 Direction: 1 EOM: 0
		 Patch 67 ->(d1,u1,v1)=( 256 , 334 , 632 )(dd,du,dv)=( 63 , 19 , 10 ),Normal: 2 Direction: 1 EOM: 0
		 Patch 68 ->(d1,u1,v1)=( 320 , 185 , 902 )(dd,du,dv)=( 63 , 10 , 16 ),Normal: 0 Direction: 1 EOM: 0
 # patches 69
 # resampled 1066178
 # raw points 3891
 # CC 0
[done]

============= FRAME 8 ============= 
  Computing normals for original point cloud... [done]
  Computing initial segmentation... [done]
