PccAppEncoder v15.0

Info: Using external color space conversion
absoluteD1_ should be true when multipleStreams_ is false
absoluteT1 should be true when absoluteD1 is true
+ Parameters
	 profileToolSet                             1
	 profileReconstructionIdc                   1
	 rawPointsPatch                             0
	 noAttributes                               0
	 attribute Colour Plane                     420
	 enhancedOccupancyMapCode                   0
	 useRawPointsSeparateVideo                  0
	 uncompressedDataPath                       mpeg_datasets/8iVFBv2/longdress/Ply/longdress_vox10_%i.ply
	 compressedStreamPath                       /home/e/e0686126/mpeg-pcc-tmc2/exps/VPCC/8i_longdress/r2/bin/8i_longdress.bin
	 reconstructedDataPath                      
	 frameCount                                 1
	 mapCountMinus1                             1
	 startFrameNumber                           1051
	 groupOfFramesSize                          32
	 colorTransform                             0
	 nbThread                                   1
	 keepIntermediateFiles                      0
	 multipleStreams                            0
	 multipleStreams                            0
	 forcedSsvhUnitSizePrecisionBytes           0
	 constrainedPack                            0
	 maxNumRefPatchList                         1
	 maxNumRefIndex                             1
	 Segmentation
	   gridBasedSegmentation                    0
	   voxelDimensionGridBasedSegmentation      2
	   nnNormalEstimation                       16
	   normalOrientation                        1
	   gridBasedRefineSegmentation              1
	   maxNNCountRefineSegmentation             1024
	   iterationCountRefineSegmentation         50
	   voxelDimensionRefineSegmentation         4
	   searchRadiusRefineSegmentation           192
	   occupancyResolution                      16
	   enablePatchSplitting                     1
	   maxPatchSize                             1024
	   quantization step for patch size         1<<4, 1<<4
	   minPointCountPerCCPatchSegmentation      16
	   maxNNCountPatchSegmentation              16
	   surfaceThickness                         4
	   maxAllowedDist2RawPointsDetection        9
	   maxAllowedDist2RawPointsSelection        1
	   lambdaRefineSegmentation                 3
	   depthQuantizationStep                    64
	   highGradientSeparation                   0
	 Packing
	   minimumImageWidth                        1280
	   minimumImageHeight                       1280
	   log2MaxAtlasFrameOrderCntLsb             10
	   packingStrategy                          1
	   useEightOrientations                     0
	   safeGuardDistance                        0
	   globalPatchAllocation                    0
	   patchPrecedenceOrder                     0
	   lowDelayEncoding                         0
	   attributeBGFill                          1
	   geometryPadding                          0
	 Video encoding
	   geometryQP                               28
	   attributeQP                              37
	   usePccRDO                                0
	   colorSpaceConversionPath                 
	   videoEncoderOccupancyPath                bin/PccAppHMVideoEncoder
	   videoEncoderGeometryPath                 bin/PccAppHMVideoEncoder
	   videoEncoderAttributePath                bin/PccAppHMVideoEncoder
	   videoEncoderOccupancyCodecId             4
	   videoEncoderGeometryCodecId              4
	   videoEncoderAttributeCodecId             4
	   geometryConfig                           cfg/hm/ctc-hm-geometry-ai.cfg
	   attributeConfig                           cfg/hm/ctc-hm-attribute-ai.cfg
	   colorSpaceConversionConfig               cfg/hdrconvert/rgb444toyuv420.cfg
	   inverseColorSpaceConversionConfig        cfg/hdrconvert/yuv420toyuv444_16bit.cfg
	   apply3dMotionCompensation                1
	 Dilation
	   GroupDilation                            1
	 Occupancy map encoding 
	   maxCandidateCount                        4
	   occupancyPrecision                       4
	   occupancyMapConfig           cfg/hm/ctc-hm-occupancy-map-ai-main10.cfg
	   occupancyMapQP                           8
	   EOMFixBitCount                           2
	   occupancyMapRefinement                   0
	 Lossy occupancy Map coding
	   Lossy occupancy map offset               0
	   Lossy occupancy map threshold            0
	   Lossy occupancy map prefilter            0
	 Decoded Atlas Information Hash             0
	 Geometry smoothing                         
	   flagGeometrySmoothing                    1
	   gridSmoothing                            1
	   gridSize                                 8
	   thresholdSmoothing                       64
	   patchExpansion                           0
	 Color smoothing
	   flagColorSmoothing                       0
	 Color pre-smoothing                        
	   thresholdColorPreSmoothing               10
	   thresholdColorPreSmoothingLocalEntropy   4.5
	   radius2ColorPreSmoothing                 64
	   neighborCountColorPreSmoothing           64
	   flagColorPreSmoothing                    1
	 Coloring
	   bestColorSearchRange                     0
	   numNeighborsColorTransferFwd             8
	   numNeighborsColorTransferBwd             1
	   useDistWeightedAverageFwd                1
	   useDistWeightedAverageBwd                1
	   skipAvgIfIdenticalSourcePointPresentFwd  1
	   skipAvgIfIdenticalSourcePointPresentBwd  1
	   distOffsetFwd                            4
	   distOffsetBwd                            4
	   geometryDist2ThresholdFwd                1000
	   geometryDist2ThresholdBwd                1000
	   maxColorDist2Fwd                         1000
	   maxColorDist2Bwd                         1000
	   patchColorSubsampling                    0
	   excludeColorOutlier                      0
	 Reconstruction 
	   removeDuplicatePoints                    1
	   pointLocalReconstruction                 0
	     plrlNumberOfModes                      6
	     patchSize                              9
	   singleMapPixelInterleaving               0
	   rawPointReconstruction                   1
	   eomPointReconstruction                   1
	   attrTransferFilter                       1
	 surface Separation                         0
	 Lossy raw points patch                     
	   lossyRawPointsPatch                      0
	   minNormSumOfInvDist4MPSelection          0.33
	   lossyRawPointPatchGeoQP                  0
	 raw points sorting                         
	   mortonOrderSortRawPoints                 0
	 Enhanced projection plane                  1
	 AdditionalProjectionPlane                  
	   additionalProjectionPlaneMode            0
	   partialAdditionalProjectionPlane         0.17
	 Geometry 2D and 3D bitdepths               
	   geometry3dCoordinatesBitdepth            10
	   geometryNominal2dBitdepth                8
	 Image partitions and tiles                 
	 tileSegmentationType                       0
	 Point cloud partitions and tiles           
	   enablePointCloudPartitioning             0
	 Patch block filtering
	   pbfEnableFlag                            0
	   pbfPassesCount                           0
	   pbfFilterSize                            0
	   pbfLog2Threshold                         2
	 Profile tier level
	   tierFlag                                 0
	   profileCodecGroupIdc                     1
	   profileToolsetIdc                        1
	   profileReconstructionIdc                 1
	      pixelDeinterleavingType             : 1
	      pointLocalReconstructionType        : 1
	      reconstructEomType                  : 1
	      duplicatedPointRemovalType          : 1
	      reconstructRawType                  : 1
	      applyGeoSmoothingType               : 1
	      applyAttrSmoothingType              : 1
	      applyAttrTransferFilterType         : 1
	      applyOccupanySynthesisType          : 0
	   levelIdc                                 30
	   avcCodecIdIndex                          0
	   hevcCodecIdIndex                         1
	   shvcCodecIdIndex                         2
	   vvcCodecIdIndex                          3

+ Parameters
	   computeChecksum                      0
	   computeMetrics                       0
	   startFrameNumber                     0
	   frameCount                           0
	   uncompressedDataPath                 
	   reconstructedDataPath                
	   normalDataPath                       
	   nbThread                             0
	   resolution                           1023
	   dropDuplicates                       2
	   neighborsProc                        1
	   computeC2c                           1
	   computeC2p                           1
	   computeColor                         1
	   computeLidar                         0
	   computeReflectance                   0
	   computeHausdorff                     0

Compressing 0 frames 1051 -> 1052...

============= FRAME 0 ============= 
  Computing normals for original point cloud... [done]
  Computing initial segmentation... [done]
  Refining segmentation (grid-based)... [done]
  Patch segmentation... 
	 Computing adjacency info... [done]

	 Extracting patches... 765821
		 CC 0 -> 196947
		 CC 1 -> 5703
		 CC 2 -> 1961
		 CC 3 -> 4077
		 CC 4 -> 135311
		 CC 5 -> 1940
		 CC 6 -> 2660
		 CC 7 -> 130635
		 CC 8 -> 9088
		 CC 9 -> 173401
		 CC 10 -> 674
		 CC 11 -> 1148
		 CC 12 -> 13848
		 CC 13 -> 2079
		 CC 14 -> 3154
		 CC 15 -> 4555
		 CC 16 -> 3194
		 CC 17 -> 19087
		 CC 18 -> 20547
		 CC 19 -> 1161
		 CC 20 -> 8319
		 CC 21 -> 3975
		 CC 22 -> 12708
		 CC 23 -> 7065
		 CC 24 -> 2502
 # CC 25
		 Patch 0 ->(d1,u1,v1)=( 64 , 28 , 13 )(dd,du,dv)=( 191 , 274 , 821 ),Normal: 0 Direction: 0 EOM: 0
		 Patch 1 ->(d1,u1,v1)=( 0 , 212 , 12 )(dd,du,dv)=( 127 , 59 , 127 ),Normal: 2 Direction: 0 EOM: 0
		 Patch 2 ->(d1,u1,v1)=( 0 , 93 , 238 )(dd,du,dv)=( 63 , 55 , 40 ),Normal: 1 Direction: 0 EOM: 0
		 Patch 3 ->(d1,u1,v1)=( 192 , 228 , 11 )(dd,du,dv)=( 127 , 46 , 133 ),Normal: 2 Direction: 1 EOM: 0
		 Patch 4 ->(d1,u1,v1)=( 384 , 29 , 13 )(dd,du,dv)=( 191 , 283 , 605 ),Normal: 0 Direction: 1 EOM: 0
		 Patch 5 ->(d1,u1,v1)=( 0 , 227 , 212 )(dd,du,dv)=( 63 , 36 , 46 ),Normal: 1 Direction: 0 EOM: 0
		 Patch 6 ->(d1,u1,v1)=( 192 , 213 , 42 )(dd,du,dv)=( 63 , 40 , 64 ),Normal: 2 Direction: 0 EOM: 0
		 Patch 7 ->(d1,u1,v1)=( 320 , 134 , 20 )(dd,du,dv)=( 191 , 310 , 838 ),Normal: 2 Direction: 1 EOM: 0
		 Patch 8 ->(d1,u1,v1)=( 64 , 94 , 233 )(dd,du,dv)=( 127 , 132 , 72 ),Normal: 1 Direction: 0 EOM: 0
		 Patch 9 ->(d1,u1,v1)=( 0 , 106 , 140 )(dd,du,dv)=( 191 , 344 , 866 ),Normal: 2 Direction: 0 EOM: 0
		 Patch 10 ->(d1,u1,v1)=( 128 , 45 , 240 )(dd,du,dv)=( 63 , 25 , 30 ),Normal: 1 Direction: 0 EOM: 0
		 Patch 11 ->(d1,u1,v1)=( 64 , 126 , 486 )(dd,du,dv)=( 63 , 27 , 44 ),Normal: 2 Direction: 0 EOM: 0
		 Patch 12 ->(d1,u1,v1)=( 192 , 114 , 498 )(dd,du,dv)=( 127 , 60 , 224 ),Normal: 2 Direction: 1 EOM: 0
		 Patch 13 ->(d1,u1,v1)=( 192 , 294 , 150 )(dd,du,dv)=( 63 , 36 , 72 ),Normal: 2 Direction: 1 EOM: 0
		 Patch 14 ->(d1,u1,v1)=( 128 , 282 , 298 )(dd,du,dv)=( 63 , 44 , 92 ),Normal: 2 Direction: 1 EOM: 0
		 Patch 15 ->(d1,u1,v1)=( 256 , 35 , 586 )(dd,du,dv)=( 63 , 47 , 97 ),Normal: 0 Direction: 1 EOM: 0
		 Patch 16 ->(d1,u1,v1)=( 896 , 108 , 137 )(dd,du,dv)=( 127 , 39 , 77 ),Normal: 1 Direction: 1 EOM: 0
		 Patch 17 ->(d1,u1,v1)=( 192 , 102 , 847 )(dd,du,dv)=( 63 , 112 , 163 ),Normal: 0 Direction: 0 EOM: 0
		 Patch 18 ->(d1,u1,v1)=( 384 , 112 , 830 )(dd,du,dv)=( 191 , 95 , 178 ),Normal: 0 Direction: 1 EOM: 0
		 Patch 19 ->(d1,u1,v1)=( 832 , 164 , 224 )(dd,du,dv)=( 63 , 34 , 34 ),Normal: 1 Direction: 0 EOM: 0
		 Patch 20 ->(d1,u1,v1)=( 256 , 212 , 856 )(dd,du,dv)=( 63 , 58 , 124 ),Normal: 2 Direction: 1 EOM: 0
		 Patch 21 ->(d1,u1,v1)=( 1024 , 122 , 218 )(dd,du,dv)=( 63 , 80 , 52 ),Normal: 1 Direction: 1 EOM: 0
		 Patch 22 ->(d1,u1,v1)=( 576 , 118 , 310 )(dd,du,dv)=( 127 , 78 , 140 ),Normal: 1 Direction: 0 EOM: 0
		 Patch 23 ->(d1,u1,v1)=( 512 , 118 , 662 )(dd,du,dv)=( 191 , 51 , 142 ),Normal: 0 Direction: 1 EOM: 0
		 Patch 24 ->(d1,u1,v1)=( 896 , 105 , 279 )(dd,du,dv)=( 127 , 38 , 61 ),Normal: 1 Direction: 1 EOM: 0
 # patches 25
 # resampled 1025268
 # raw points 13432
		 CC 0 -> 455
		 CC 1 -> 72
		 CC 2 -> 173
		 CC 3 -> 1485
		 CC 4 -> 211
		 CC 5 -> 467
		 CC 6 -> 268
		 CC 7 -> 75
		 CC 8 -> 608
		 CC 9 -> 706
		 CC 10 -> 194
		 CC 11 -> 106
		 CC 12 -> 2388
		 CC 13 -> 93
		 CC 14 -> 402
		 CC 15 -> 61
		 CC 16 -> 390
		 CC 17 -> 476
		 CC 18 -> 260
		 CC 19 -> 45
		 CC 20 -> 108
		 CC 21 -> 77
		 CC 22 -> 179
		 CC 23 -> 489
		 CC 24 -> 220
		 CC 25 -> 186
		 CC 26 -> 988
 # CC 27
		 Patch 25 ->(d1,u1,v1)=( 0 , 242 , 154 )(dd,du,dv)=( 63 , 18 , 37 ),Normal: 2 Direction: 0 EOM: 0
		 Patch 26 ->(d1,u1,v1)=( 0 , 235 , 160 )(dd,du,dv)=( 63 , 11 , 8 ),Normal: 2 Direction: 0 EOM: 0
		 Patch 27 ->(d1,u1,v1)=( 128 , 93 , 423 )(dd,du,dv)=( 63 , 10 , 32 ),Normal: 0 Direction: 0 EOM: 0
		 Patch 28 ->(d1,u1,v1)=( 128 , 114 , 446 )(dd,du,dv)=( 63 , 28 , 64 ),Normal: 0 Direction: 0 EOM: 0
		 Patch 29 ->(d1,u1,v1)=( 128 , 94 , 481 )(dd,du,dv)=( 63 , 20 , 16 ),Normal: 0 Direction: 0 EOM: 0
		 Patch 30 ->(d1,u1,v1)=( 128 , 81 , 483 )(dd,du,dv)=( 63 , 19 , 32 ),Normal: 0 Direction: 0 EOM: 0
		 Patch 31 ->(d1,u1,v1)=( 320 , 165 , 146 )(dd,du,dv)=( 63 , 8 , 43 ),Normal: 0 Direction: 1 EOM: 0
		 Patch 32 ->(d1,u1,v1)=( 320 , 185 , 249 )(dd,du,dv)=( 63 , 7 , 8 ),Normal: 0 Direction: 1 EOM: 0
		 Patch 33 ->(d1,u1,v1)=( 320 , 171 , 210 )(dd,du,dv)=( 63 , 13 , 54 ),Normal: 0 Direction: 1 EOM: 0
		 Patch 34 ->(d1,u1,v1)=( 384 , 116 , 378 )(dd,du,dv)=( 127 , 31 , 70 ),Normal: 0 Direction: 1 EOM: 0
		 Patch 35 ->(d1,u1,v1)=( 64 , 79 , 667 )(dd,du,dv)=( 63 , 12 , 9 ),Normal: 0 Direction: 0 EOM: 0
		 Patch 36 ->(d1,u1,v1)=( 128 , 118 , 550 )(dd,du,dv)=( 63 , 6 , 22 ),Normal: 0 Direction: 0 EOM: 0
		 Patch 37 ->(d1,u1,v1)=( 128 , 114 , 594 )(dd,du,dv)=( 63 , 31 , 135 ),Normal: 0 Direction: 0 EOM: 0
		 Patch 38 ->(d1,u1,v1)=( 64 , 225 , 575 )(dd,du,dv)=( 63 , 9 , 13 ),Normal: 2 Direction: 0 EOM: 0
		 Patch 39 ->(d1,u1,v1)=( 64 , 243 , 594 )(dd,du,dv)=( 63 , 28 , 10 ),Normal: 2 Direction: 0 EOM: 0
		 Patch 40 ->(d1,u1,v1)=( 64 , 246 , 876 )(dd,du,dv)=( 63 , 6 , 7 ),Normal: 2 Direction: 0 EOM: 0
		 Patch 41 ->(d1,u1,v1)=( 192 , 110 , 919 )(dd,du,dv)=( 63 , 23 , 15 ),Normal: 0 Direction: 0 EOM: 0
		 Patch 42 ->(d1,u1,v1)=( 64 , 230 , 933 )(dd,du,dv)=( 63 , 25 , 9 ),Normal: 2 Direction: 0 EOM: 0
		 Patch 43 ->(d1,u1,v1)=( 64 , 234 , 942 )(dd,du,dv)=( 63 , 32 , 14 ),Normal: 2 Direction: 0 EOM: 0
		 Patch 44 ->(d1,u1,v1)=( 192 , 135 , 913 )(dd,du,dv)=( 63 , 9 , 7 ),Normal: 0 Direction: 0 EOM: 0
		 Patch 45 ->(d1,u1,v1)=( 64 , 314 , 612 )(dd,du,dv)=( 63 , 11 , 7 ),Normal: 2 Direction: 0 EOM: 0
		 Patch 46 ->(d1,u1,v1)=( 320 , 168 , 503 )(dd,du,dv)=( 63 , 7 , 19 ),Normal: 0 Direction: 1 EOM: 0
		 Patch 47 ->(d1,u1,v1)=( 256 , 266 , 539 )(dd,du,dv)=( 63 , 5 , 25 ),Normal: 2 Direction: 1 EOM: 0
		 Patch 48 ->(d1,u1,v1)=( 576 , 142 , 360 )(dd,du,dv)=( 63 , 14 , 45 ),Normal: 1 Direction: 0 EOM: 0
		 Patch 49 ->(d1,u1,v1)=( 256 , 303 , 651 )(dd,du,dv)=( 63 , 13 , 32 ),Normal: 2 Direction: 1 EOM: 0
		 Patch 50 ->(d1,u1,v1)=( 256 , 332 , 643 )(dd,du,dv)=( 127 , 21 , 12 ),Normal: 2 Direction: 1 EOM: 0
		 Patch 51 ->(d1,u1,v1)=( 320 , 127 , 893 )(dd,du,dv)=( 63 , 41 , 30 ),Normal: 0 Direction: 1 EOM: 0
 # patches 52
 # resampled 1035380
 # raw points 3475
		 CC 0 -> 209
		 CC 1 -> 85
 # CC 2
		 Patch 52 ->(d1,u1,v1)=( 128 , 118 , 452 )(dd,du,dv)=( 63 , 17 , 31 ),Normal: 0 Direction: 0 EOM: 0
		 Patch 53 ->(d1,u1,v1)=( 64 , 243 , 934 )(dd,du,dv)=( 63 , 11 , 7 ),Normal: 2 Direction: 0 EOM: 0
 # patches 54
 # resampled 1035668
 # raw points 3222
 # CC 0
[done]
CODEC ID SET = geometry: 1 occupancy: 1  attributes[0]1 
frame 0 tile 0 packFlexible: actualImageSize 1280 x 1120
	->tile 0 ImageSize 1280 x 1280
resizeGeometryVideo 
generateOccupancyMap frame 0: entireFrameSize:1280x1280
Encoder convert : write420 without conversion: /home/e/e0686126/mpeg-pcc-tmc2/exps/VPCC/8i_longdress/r2/bin/8i_longdress_GOF0_occupancy_320x320_8bit_p420.yuv 
Encode: video size = 320 x 320 num frames = 1 
HMEncoder -c cfg/hm/ctc-hm-occupancy-map-ai-main10.cfg --InputFile=/home/e/e0686126/mpeg-pcc-tmc2/exps/VPCC/8i_longdress/r2/bin/8i_longdress_GOF0_occupancy_320x320_8bit_p420.yuv --InputBitDepth=8 --InputChromaFormat=420 --OutputBitDepth=8 --OutputBitDepthC=8 --FrameRate=30 --FrameSkip=0 --SourceWidth=320 --SourceHeight=320 --ConformanceWindowMode=1  --FramesToBeEncoded=1 --BitstreamFile=/home/e/e0686126/mpeg-pcc-tmc2/exps/VPCC/8i_longdress/r2/bin/8i_longdress_GOF0_occupancy.bin --ReconFile=/home/e/e0686126/mpeg-pcc-tmc2/exps/VPCC/8i_longdress/r2/bin/8i_longdress_GOF0_occupancy_rec_320x320_8bit_p420.yuv --QP=8 --InternalBitDepth=8 --InternalBitDepthC=8
******************************************************************
** WARNING: --SEIDecodedPictureHash is now disabled by default. **
**          Automatic verification of decoded pictures by a     **
**          decoder requires this option to be enabled.         **
******************************************************************
****************************************************************************
** WARNING: --HadamardME has been disabled due to the enabling of         **
**          --CUTransquantBypassFlagForce                                 **
****************************************************************************
****************************************************************************
** WARNING: --CUNoSplitIntraACT has been disabled                         **
**  due to the disabling of --ColourTransform                             **
****************************************************************************

Input          File                    : /home/e/e0686126/mpeg-pcc-tmc2/exps/VPCC/8i_longdress/r2/bin/8i_longdress_GOF0_occupancy_320x320_8bit_p420.yuv
Bitstream      File                    : /home/e/e0686126/mpeg-pcc-tmc2/exps/VPCC/8i_longdress/r2/bin/8i_longdress_GOF0_occupancy.bin
Reconstruction File                    : /home/e/e0686126/mpeg-pcc-tmc2/exps/VPCC/8i_longdress/r2/bin/8i_longdress_GOF0_occupancy_rec_320x320_8bit_p420.yuv
PCCExt                                 : Disabled
Real     Format                        : 320x320 30Hz
Internal Format                        : 320x320 30Hz
Sequence PSNR output                   : Linear average only
Sequence MSE output                    : Disabled
Frame MSE output                       : Disabled
Print Clipped PSNR                     : Disabled
MS-SSIM output                         : Disabled
xPSNR calculation                      : Disabled
Cabac-zero-word-padding                : Enabled
Frame/Field                            : Frame based coding
Frame index                            : 0 - 0 (1 frames)
Profile                                : main10
CU size / depth / total-depth          : 64 / 4 / 4
RQT trans. size (min / max)            : 4 / 32
Max RQT depth inter                    : 1
Max RQT depth intra                    : 1
Min PCM size                           : 8
Motion search range                    : 512
Intra period                           : 1
Decoding refresh type                  : 0
QP                                     : 8
Max dQP signaling depth                : 0
Cb QP Offset                           : 0
Cr QP Offset                           : 0
QP adaptation                          : 0 (range=0)
GOP size                               : 1
Input bit depth                        : (Y:8, C:8)
MSB-extended bit depth                 : (Y:8, C:8)
Internal bit depth                     : (Y:8, C:8)
PCM sample bit depth                   : (Y:8, C:8)
Intra reference smoothing              : Enabled
diff_cu_chroma_qp_offset_depth         : -1
extended_precision_processing_flag     : Disabled
implicit_rdpcm_enabled_flag            : Disabled
explicit_rdpcm_enabled_flag            : Disabled
transform_skip_rotation_enabled_flag   : Disabled
transform_skip_context_enabled_flag    : Disabled
cross_component_prediction_enabled_flag: Disabled
high_precision_offsets_enabled_flag    : Disabled
persistent_rice_adaptation_enabled_flag: Disabled
cabac_bypass_alignment_enabled_flag    : Disabled
Intra block copying                    : Disabled
Adaptive colour transform              : Disabled
Palette mode                           : Disabled
Cost function:                         : Sequence_level_lossless coding
Motion Estimation                      : Diamond search
HashME                                 : 0
RateControl                            : 0
WPMethod                               : 0
Max Num Merge Candidates               : 5

TOOL CFG: IBD:0 HAD:0 RDQ:1 RDQTS:1 RDpenalty:0 LQP:0 SQP:0 ASR:0 MinSearchWindow:8 RestrictMESampling:0 FEN:1 ECU:0 FDM:1 CFM:0 ESD:0 RQT:1 TransformSkip:1 TransformSkipFast:1 TransformSkipLog2MaxSize:2 Slice: M=0 SliceSegment: M=0 CIP:0 SAO:0 PCM:0 TransQuantBypassEnabled: =1WPP:0 WPB:0 PME:2  WaveFrontSynchro:0 WaveFrontSubstreams:1 ScalingList:0 TMVPMode:1 AQpS:0 SignBitHidingFlag:1 RecalQP:0TransQuantBypassInferTUSplit:0 CUNoSplitIntraACT:0  MvResControl:0

                   Input ChromaFormatIDC =   4:2:0
       Output (internal) ChromaFormatIDC =   4:2:0

copy image from PCC: Shift = 0 ( 320x 320 =>  320x 320 S= 480 C:  160x 160 ) 
POC    0 TId: 0 ( I-SLICE, nQP 8 QP 8 )      15568 bits [Y 999.9900 dB    U 999.9900 dB    V 999.9900 dB] [ET     0 ] [L0 ] [L1 ]


SUMMARY --------------------------------------------------------
	Total Frames |   Bitrate     Y-PSNR    U-PSNR    V-PSNR    YUV-PSNR  
	        1    a     467.0400  999.9900  999.9900  999.9900  999.9900  


I Slices--------------------------------------------------------
	Total Frames |   Bitrate     Y-PSNR    U-PSNR    V-PSNR    YUV-PSNR  
	        1    i     467.0400  999.9900  999.9900  999.9900  999.9900  


P Slices--------------------------------------------------------
	Total Frames |   Bitrate     Y-PSNR    U-PSNR    V-PSNR    YUV-PSNR  
	        0    p         -nan      -nan      -nan      -nan      -nan  


B Slices--------------------------------------------------------
	Total Frames |   Bitrate     Y-PSNR    U-PSNR    V-PSNR    YUV-PSNR  
	        0    b         -nan      -nan      -nan      -nan      -nan  

RVM: 0.000
Bytes written to file: 1946 (467.040 kbps)
Encoder convert : write420 without conversion: /home/e/e0686126/mpeg-pcc-tmc2/exps/VPCC/8i_longdress/r2/bin/8i_longdress_GOF0_geometry_1280x1280_8bit_p420.yuv 
Encode: video size = 1280 x 1280 num frames = 2 
HMEncoder -c cfg/hm/ctc-hm-geometry-ai.cfg --InputFile=/home/e/e0686126/mpeg-pcc-tmc2/exps/VPCC/8i_longdress/r2/bin/8i_longdress_GOF0_geometry_1280x1280_8bit_p420.yuv --InputBitDepth=8 --InputChromaFormat=420 --OutputBitDepth=8 --OutputBitDepthC=8 --FrameRate=30 --FrameSkip=0 --SourceWidth=1280 --SourceHeight=1280 --ConformanceWindowMode=1  --FramesToBeEncoded=2 --BitstreamFile=/home/e/e0686126/mpeg-pcc-tmc2/exps/VPCC/8i_longdress/r2/bin/8i_longdress_GOF0_geometry.bin --ReconFile=/home/e/e0686126/mpeg-pcc-tmc2/exps/VPCC/8i_longdress/r2/bin/8i_longdress_GOF0_geometry_rec_1280x1280_8bit_p420.yuv --QP=28 --InternalBitDepth=10 --InternalBitDepthC=10 --UsePccMotionEstimation=1 --BlockToPatchFile=/home/e/e0686126/mpeg-pcc-tmc2/exps/VPCC/8i_longdress/r2/bin/8i_longdress_GOF0_blockToPatch.txt --OccupancyMapFile=/home/e/e0686126/mpeg-pcc-tmc2/exps/VPCC/8i_longdress/r2/bin/8i_longdress_GOF0_occupancy.txt --PatchInfoFile=/home/e/e0686126/mpeg-pcc-tmc2/exps/VPCC/8i_longdress/r2/bin/8i_longdress_GOF0_patchInfo.txt
****************************************************************************
** WARNING: --CUNoSplitIntraACT has been disabled                         **
**  due to the disabling of --ColourTransform                             **
****************************************************************************

Input          File                    : /home/e/e0686126/mpeg-pcc-tmc2/exps/VPCC/8i_longdress/r2/bin/8i_longdress_GOF0_geometry_1280x1280_8bit_p420.yuv
Bitstream      File                    : /home/e/e0686126/mpeg-pcc-tmc2/exps/VPCC/8i_longdress/r2/bin/8i_longdress_GOF0_geometry.bin
Reconstruction File                    : /home/e/e0686126/mpeg-pcc-tmc2/exps/VPCC/8i_longdress/r2/bin/8i_longdress_GOF0_geometry_rec_1280x1280_8bit_p420.yuv
PCCExt                                 : Enabled
BlockToPatch   File                    : /home/e/e0686126/mpeg-pcc-tmc2/exps/VPCC/8i_longdress/r2/bin/8i_longdress_GOF0_blockToPatch.txt
OccupancyMap   File                    : /home/e/e0686126/mpeg-pcc-tmc2/exps/VPCC/8i_longdress/r2/bin/8i_longdress_GOF0_occupancy.txt
PatchInfo      File                    : /home/e/e0686126/mpeg-pcc-tmc2/exps/VPCC/8i_longdress/r2/bin/8i_longdress_GOF0_patchInfo.txt
Real     Format                        : 1280x1280 30Hz
Internal Format                        : 1280x1280 30Hz
Sequence PSNR output                   : Linear average only
Sequence MSE output                    : Disabled
Frame MSE output                       : Disabled
Print Clipped PSNR                     : Disabled
MS-SSIM output                         : Disabled
xPSNR calculation                      : Disabled
Cabac-zero-word-padding                : Enabled
Frame/Field                            : Frame based coding
Frame index                            : 0 - 1 (2 frames)
Profile                                : main10
CU size / depth / total-depth          : 64 / 4 / 4
RQT trans. size (min / max)            : 4 / 32
Max RQT depth inter                    : 3
Max RQT depth intra                    : 3
Min PCM size                           : 8
Motion search range                    : 64
Intra period                           : -1
Decoding refresh type                  : 2
QP                                     : 28
Max dQP signaling depth                : 0
Cb QP Offset                           : 0
Cr QP Offset                           : 0
QP adaptation                          : 0 (range=0)
GOP size                               : 2
Input bit depth                        : (Y:8, C:8)
MSB-extended bit depth                 : (Y:8, C:8)
Internal bit depth                     : (Y:10, C:10)
PCM sample bit depth                   : (Y:8, C:8)
Intra reference smoothing              : Enabled
diff_cu_chroma_qp_offset_depth         : -1
extended_precision_processing_flag     : Disabled
implicit_rdpcm_enabled_flag            : Disabled
explicit_rdpcm_enabled_flag            : Disabled
transform_skip_rotation_enabled_flag   : Disabled
transform_skip_context_enabled_flag    : Disabled
cross_component_prediction_enabled_flag: Disabled
high_precision_offsets_enabled_flag    : Disabled
persistent_rice_adaptation_enabled_flag: Disabled
cabac_bypass_alignment_enabled_flag    : Disabled
Intra block copying                    : Disabled
Adaptive colour transform              : Disabled
Palette mode                           : Disabled
log2_sao_offset_scale_luma             : 0
log2_sao_offset_scale_chroma           : 0
Cost function:                         : Lossy coding (default)
Motion Estimation                      : Diamond search
HashME                                 : 0
RateControl                            : 0
WPMethod                               : 0
Max Num Merge Candidates               : 5

TOOL CFG: IBD:1 HAD:1 RDQ:1 RDQTS:1 RDpenalty:0 LQP:0 SQP:0 ASR:0 MinSearchWindow:8 RestrictMESampling:0 FEN:1 ECU:0 FDM:1 CFM:0 ESD:0 RQT:1 TransformSkip:1 TransformSkipFast:1 TransformSkipLog2MaxSize:2 Slice: M=0 SliceSegment: M=0 CIP:0 SAO:1 PCM:0 TransQuantBypassEnabled:0 WPP:0 WPB:0 PME:2  WaveFrontSynchro:0 WaveFrontSubstreams:1 ScalingList:0 TMVPMode:1 AQpS:0 SignBitHidingFlag:1 RecalQP:0TransQuantBypassInferTUSplit:0 CUNoSplitIntraACT:0  MvResControl:0


Reading the aux info files
                   Input ChromaFormatIDC =   4:2:0
       Output (internal) ChromaFormatIDC =   4:2:0

copy image from PCC: Shift = 2 (1280x1280 => 1280x1280 S=1440 C:  640x 640 ) 

	PCC ME GOP #1 ACTIVE
POC    0 TId: 0 ( I-SLICE, nQP 28 QP 28 )      31976 bits [Y 50.9655 dB    U 999.9900 dB    V 999.9900 dB] [ET     7 ] [L0 ] [L1 ] [MD5:8ae41faf20ed193c177c2e740a5539e6,85574aebeef03eb355bf8541955d06ea,85574aebeef03eb355bf8541955d06ea]
copy image from PCC: Shift = 2 (1280x1280 => 1280x1280 S=1440 C:  640x 640 ) 

	PCC ME GOP #1 ACTIVE
POC    1 TId: 0 ( P-SLICE, nQP 28 QP 28 )       4176 bits [Y 50.5386 dB    U 999.9900 dB    V 999.9900 dB] [ET    12 ] [L0 0 ] [L1 ] [MD5:b86ae619630b6d4c03e6b9aca586558a,85574aebeef03eb355bf8541955d06ea,85574aebeef03eb355bf8541955d06ea]


SUMMARY --------------------------------------------------------
	Total Frames |   Bitrate     Y-PSNR    U-PSNR    V-PSNR    YUV-PSNR  
	        2    a     542.2800   50.7521  999.9900  999.9900   52.5077  


I Slices--------------------------------------------------------
	Total Frames |   Bitrate     Y-PSNR    U-PSNR    V-PSNR    YUV-PSNR  
	        1    i     959.2800   50.9655  999.9900  999.9900   52.7264  


P Slices--------------------------------------------------------
	Total Frames |   Bitrate     Y-PSNR    U-PSNR    V-PSNR    YUV-PSNR  
	        1    p     125.2800   50.5386  999.9900  999.9900   52.2996  


B Slices--------------------------------------------------------
	Total Frames |   Bitrate     Y-PSNR    U-PSNR    V-PSNR    YUV-PSNR  
	        0    b         -nan      -nan      -nan      -nan      -nan  

RVM: 0.000
Bytes written to file: 4633 (555.960 kbps)
sizeGeometryVideo: 4636
****TileInfo***Summary******************
frame 0 tile 0: (0,0) (1280x1280) patchCount:54 regPoints:0, rawPatch:0 rawPoints:0 eomPatch:0 eomPoints:0
*********************************************
Alloc One layer deata 
generatePointCloud pbfEnableFlag_ = 0 
frame 0, tile 0: regularPoints 745233
frame 0, tile 0: regularPoints+eomPoints 745233
frame 0, tile 0: regularPoints+eomPoints+rawPoints 745233
Attribute Coding starts
transferColors 
Processing time (Padding [T0T1]0/1): 0.661 s
attribute video 
ColorConverter configuration : RGB444ToYUV420 bitdepth = 8 filter = 4 videoSrc 2 frames 
Encode: video size = 1280 x 1280 num frames = 2 
HMEncoder -c cfg/hm/ctc-hm-attribute-ai.cfg --InputFile=/home/e/e0686126/mpeg-pcc-tmc2/exps/VPCC/8i_longdress/r2/bin/8i_longdress_GOF0_attribute_1280x1280_8bit_p420.yuv --InputBitDepth=8 --InputChromaFormat=420 --OutputBitDepth=8 --OutputBitDepthC=8 --FrameRate=30 --FrameSkip=0 --SourceWidth=1280 --SourceHeight=1280 --ConformanceWindowMode=1  --FramesToBeEncoded=2 --BitstreamFile=/home/e/e0686126/mpeg-pcc-tmc2/exps/VPCC/8i_longdress/r2/bin/8i_longdress_GOF0_attribute.bin --ReconFile=/home/e/e0686126/mpeg-pcc-tmc2/exps/VPCC/8i_longdress/r2/bin/8i_longdress_GOF0_attribute_rec_1280x1280_8bit_p420.yuv --QP=37 --InternalBitDepth=10 --InternalBitDepthC=10 --UsePccMotionEstimation=1 --BlockToPatchFile=/home/e/e0686126/mpeg-pcc-tmc2/exps/VPCC/8i_longdress/r2/bin/8i_longdress_GOF0_blockToPatch.txt --OccupancyMapFile=/home/e/e0686126/mpeg-pcc-tmc2/exps/VPCC/8i_longdress/r2/bin/8i_longdress_GOF0_occupancy.txt --PatchInfoFile=/home/e/e0686126/mpeg-pcc-tmc2/exps/VPCC/8i_longdress/r2/bin/8i_longdress_GOF0_patchInfo.txt
****************************************************************************
** WARNING: --CUNoSplitIntraACT has been disabled                         **
**  due to the disabling of --ColourTransform                             **
****************************************************************************

Input          File                    : /home/e/e0686126/mpeg-pcc-tmc2/exps/VPCC/8i_longdress/r2/bin/8i_longdress_GOF0_attribute_1280x1280_8bit_p420.yuv
Bitstream      File                    : /home/e/e0686126/mpeg-pcc-tmc2/exps/VPCC/8i_longdress/r2/bin/8i_longdress_GOF0_attribute.bin
Reconstruction File                    : /home/e/e0686126/mpeg-pcc-tmc2/exps/VPCC/8i_longdress/r2/bin/8i_longdress_GOF0_attribute_rec_1280x1280_8bit_p420.yuv
PCCExt                                 : Enabled
BlockToPatch   File                    : /home/e/e0686126/mpeg-pcc-tmc2/exps/VPCC/8i_longdress/r2/bin/8i_longdress_GOF0_blockToPatch.txt
OccupancyMap   File                    : /home/e/e0686126/mpeg-pcc-tmc2/exps/VPCC/8i_longdress/r2/bin/8i_longdress_GOF0_occupancy.txt
PatchInfo      File                    : /home/e/e0686126/mpeg-pcc-tmc2/exps/VPCC/8i_longdress/r2/bin/8i_longdress_GOF0_patchInfo.txt
Real     Format                        : 1280x1280 30Hz
Internal Format                        : 1280x1280 30Hz
Sequence PSNR output                   : Linear average only
Sequence MSE output                    : Disabled
Frame MSE output                       : Disabled
Print Clipped PSNR                     : Disabled
MS-SSIM output                         : Disabled
xPSNR calculation                      : Disabled
Cabac-zero-word-padding                : Enabled
Frame/Field                            : Frame based coding
Frame index                            : 0 - 1 (2 frames)
Profile                                : main10
CU size / depth / total-depth          : 64 / 4 / 4
RQT trans. size (min / max)            : 4 / 32
Max RQT depth inter                    : 3
Max RQT depth intra                    : 3
Min PCM size                           : 8
Motion search range                    : 64
Intra period                           : -1
Decoding refresh type                  : 2
QP                                     : 37
Max dQP signaling depth                : 0
Cb QP Offset                           : 0
Cr QP Offset                           : 0
QP adaptation                          : 0 (range=0)
GOP size                               : 2
Input bit depth                        : (Y:8, C:8)
MSB-extended bit depth                 : (Y:8, C:8)
Internal bit depth                     : (Y:10, C:10)
PCM sample bit depth                   : (Y:8, C:8)
Intra reference smoothing              : Enabled
diff_cu_chroma_qp_offset_depth         : -1
extended_precision_processing_flag     : Disabled
implicit_rdpcm_enabled_flag            : Disabled
explicit_rdpcm_enabled_flag            : Disabled
transform_skip_rotation_enabled_flag   : Disabled
transform_skip_context_enabled_flag    : Disabled
cross_component_prediction_enabled_flag: Disabled
high_precision_offsets_enabled_flag    : Disabled
persistent_rice_adaptation_enabled_flag: Disabled
cabac_bypass_alignment_enabled_flag    : Disabled
Intra block copying                    : Disabled
Adaptive colour transform              : Disabled
Palette mode                           : Disabled
log2_sao_offset_scale_luma             : 0
log2_sao_offset_scale_chroma           : 0
Cost function:                         : Lossy coding (default)
Motion Estimation                      : Diamond search
HashME                                 : 0
RateControl                            : 0
WPMethod                               : 0
Max Num Merge Candidates               : 5

TOOL CFG: IBD:1 HAD:1 RDQ:1 RDQTS:1 RDpenalty:0 LQP:0 SQP:0 ASR:0 MinSearchWindow:8 RestrictMESampling:0 FEN:1 ECU:0 FDM:1 CFM:0 ESD:0 RQT:1 TransformSkip:1 TransformSkipFast:1 TransformSkipLog2MaxSize:2 Slice: M=0 SliceSegment: M=0 CIP:0 SAO:1 PCM:0 TransQuantBypassEnabled:0 WPP:0 WPB:0 PME:2  WaveFrontSynchro:0 WaveFrontSubstreams:1 ScalingList:0 TMVPMode:1 AQpS:0 SignBitHidingFlag:1 RecalQP:0TransQuantBypassInferTUSplit:0 CUNoSplitIntraACT:0  MvResControl:0


Reading the aux info files
                   Input ChromaFormatIDC =   4:2:0
       Output (internal) ChromaFormatIDC =   4:2:0

copy image from PCC: Shift = 2 (1280x1280 => 1280x1280 S=1440 C:  640x 640 ) 

	PCC ME GOP #1 ACTIVE
POC    0 TId: 0 ( I-SLICE, nQP 37 QP 37 )     186416 bits [Y 35.3629 dB    U 39.1442 dB    V 38.8867 dB] [ET     8 ] [L0 ] [L1 ] [MD5:dd05848c07482de024d627b324e716c0,2ab9bb918390979c11a82349265945df,13a05342cfa555354e256cb2854c51c4]
copy image from PCC: Shift = 2 (1280x1280 => 1280x1280 S=1440 C:  640x 640 ) 

	PCC ME GOP #1 ACTIVE
POC    1 TId: 0 ( P-SLICE, nQP 40 QP 40 )       2000 bits [Y 35.0007 dB    U 39.1738 dB    V 38.8901 dB] [ET    10 ] [L0 0 ] [L1 ] [MD5:3e75694a3a1d6be99f2ccb814e239b53,4addad08f679faa62765be67a8cb67ed,e31856f6c384fe6dea7a1339509c0ce4]


SUMMARY --------------------------------------------------------
	Total Frames |   Bitrate     Y-PSNR    U-PSNR    V-PSNR    YUV-PSNR  
	        2    a    2826.2400   35.1818   39.1590   38.8884   36.1242  


I Slices--------------------------------------------------------
	Total Frames |   Bitrate     Y-PSNR    U-PSNR    V-PSNR    YUV-PSNR  
	        1    i    5592.4800   35.3629   39.1442   38.8867   36.2755  


P Slices--------------------------------------------------------
	Total Frames |   Bitrate     Y-PSNR    U-PSNR    V-PSNR    YUV-PSNR  
	        1    p      60.0000   35.0007   39.1738   38.8901   35.9780  


B Slices--------------------------------------------------------
	Total Frames |   Bitrate     Y-PSNR    U-PSNR    V-PSNR    YUV-PSNR  
	        0    b         -nan      -nan      -nan      -nan      -nan  

RVM: 0.000
Bytes written to file: 23666 (2839.920 kbps)
ColorConverter configuration : YUV420ToYUV444 bitdepth = 8 filter = 0 videoSrc 2 frames 
attribute video ->23669 B (0.123627 bpp)
Color Point Clouds
Post Processing Point Clouds
Post-Processing: attributeTransfer_ = 1 flagGeometrySmoothing_ = 1 flagColorSmoothing_ = 0 pbfEnableFlag = 0 
createPatchFrameDataStructure 
createPatchFrameDataStructure frameIndex = 0 / 1 
createPatchFrameDataStructure frameIndex = 0 tile 0 / 1 
Done Encoder 
      occupancy map video  ->1947 B 
      geometry video  ->4636 B 
      attribute video  ->23669 B 
Bitstream stat: 
  Header:                            11 B        88 b
    V3CUnitSize[ V3C_VPS ]:        33 B       264 b
    V3CUnitSize[ V3C_AD  ]:       394 B      3152 b
    V3CUnitSize[ V3C_OVD ]:      1951 B     15608 b ( Ocm video =      1947 B )
    V3CUnitSize[ V3C_GVD ]:      4640 B     37120 b ( Geo video =      4636 B +         0 B +         0 B +         0 B )
    V3CUnitSize[ V3C_AVD ]:     23673 B    189384 b ( Tex video =     23669 B + (        0 B +         0 B) +         0 B )
  TotalMetadata:                   2397 B     19176 b 
  TotalGeometry:                   4636 B     37088 b 
  TotalAttribute:                   23669 B    189352 b 
  Total:                          30702 B    245616 b 
Total bitstream size 30702 B

Processing time (wall): 52.24 s
Processing time (user.self): 51.849 s
Processing time (user.children): 0 s
Peak memory: 554536 KB
PccAppDecoder v15.0

+ Parameters
	 compressedStreamPath                /home/e/e0686126/mpeg-pcc-tmc2/exps/VPCC/8i_longdress/r2/bin/8i_longdress.bin
	 reconstructedDataPath               /home/e/e0686126/mpeg-pcc-tmc2/exps/VPCC/8i_longdress/r2/dec/%i.ply
	 startFrameNumber                    0
	 colorTransform                      0
	 nbThread                            1
	 keepIntermediateFiles               0
	 video encoding
	   colorSpaceConversionPath          
	   videoDecoderOccupancyPath         bin/PccAppHMVideoDecoder
	   videoDecoderGeometryPath          bin/PccAppHMVideoDecoder
	   videoDecoderAttributePath         bin/PccAppHMVideoDecoder
	   inverseColorSpaceConversionConfig cfg/hdrconvert/yuv420torgb444.cfg
	   patchColorSubsampling             0
	   shvcLayerIndex                    8
Info: Using external color space conversion
+ Parameters
	   computeChecksum                      0
	   computeMetrics                       0
	   startFrameNumber                     0
	   frameCount                           0
	   uncompressedDataPath                 
	   reconstructedDataPath                /home/e/e0686126/mpeg-pcc-tmc2/exps/VPCC/8i_longdress/r2/dec/%i.ply
	   normalDataPath                       
	   nbThread                             0
	   resolution                           1023
	   dropDuplicates                       2
	   neighborsProc                        1
	   computeC2c                           1
	   computeC2p                           1
	   computeColor                         1
	   computeLidar                         0
	   computeReflectance                   0
	   computeHausdorff                     0

+ Parameters
	   checkConformance                     0
	   path                                 
	   levelIdc                             30
	   fps                                  30


PCCBitstreamReader read: 
  v3cUnit: size =       33 type =  0 V3C_VPS 
  v3cUnit: size =      394 type =  1 V3C_AD 
  v3cUnit: size =     1951 type =  2 V3C_OVD 
  v3cUnit: size =     4640 type =  3 V3C_GVD 
  v3cUnit: size =    23673 type =  4 V3C_AVD 
PCCBitstreamReader decode: 
  v3cUnit: size =       33 type =  0 V3C_VPS 
    v3cParameterSet 
  v3cUnit: size =      394 type =  1 V3C_AD 
    atlasSubStream 
      sampleStreamNalUnit   0 type =  36 NAL_ASPS 
      sampleStreamNalUnit   1 type =  37 NAL_AFPS 
      sampleStreamNalUnit   2 type =  45 NAL_PREFIX_ESEI 
        seiMessage: type = 66 GEOMETRY_SMOOTHING 
      sampleStreamNalUnit   3 type =  23 NAL_IDR_N_LP 
  v3cUnit: size =     1951 type =  2 V3C_OVD 
    videoSubStream 
      occupancy map video  ->1947 B 
  v3cUnit: size =     4640 type =  3 V3C_GVD 
    videoSubStream 
      geometry video  ->4636 B 
  v3cUnit: size =    23673 type =  4 V3C_AVD 
    videoSubStream 
      attribute video  ->23669 B 
 ptl.getToolConstraintsPresentFlag() = 0 
checkProfile return 0 
---profileReconstructionIdc(1)-------
pixelDeinterleavingType      : 1
pointLocalReconstructionType : 1
reconstructEomType           : 1
duplicatedPointRemovalType   : 1
reconstructRawType           : 1
applyGeoSmoothingType        : 1
applyAttrSmoothingType       : 1
applyAttrTransferFilterType  : 1
applyOccupanySynthesisType   : 0
---------------------------------------
setTileSizeAndLocation frameIndex = 0 
createPatchFrameDataStructure Frame = 0 Tiles = 0 atlasIndex = 0 atglIndex 0 
getCodedCodecId profileCodecGroupIdc = 1 codecCodecId = 1 
getCodedCodecId profileCodecGroupIdc = 1 codecCodecId = 1 
CodecCodecId: ProfileCodecGroupIdc = 1 occupancyCodecId = 1 geometry = 1 auxGeo = 0 
=> Video decoder : occupancy = 1 geometry = 1 
 Decode 0 size = 1947 
byteStreamVideoCoder = 1 codecId = 1 
isAvc = 0 isVvc = 0 
PCCVirtualVideoDecoder: create codecId = 1 
 decompress codecId = 1 size(T) = 1 

HM software: Decoder Version [16.25] (including RExt)[Linux][GCC 9.4.0][64 bit] 
POC    0 TId: 0 ( I-SLICE, QP  8 ) [DT  0.003] [L0 ] [L1 ] [:,(unk)] 

 Total Time:        0.080 sec.
parseSPS => 320 320 
hevcParser= 320 x 320 8 bits isRGB = 0 
bin/PccAppHMVideoDecoder --BitstreamFile=/home/e/e0686126/mpeg-pcc-tmc2/exps/VPCC/8i_longdress/r2/bin/8i_longdress_dec_GOF0_occupancy.bin --ReconFile=/home/e/e0686126/mpeg-pcc-tmc2/exps/VPCC/8i_longdress/r2/bin/8i_longdress_dec_GOF0_occupancy_rec_320x320_8bit_p420.yuv --OutputBitDepth=8 --OutputBitDepthC=8
File read size = 320 x 320 frame count = 1 
Decoded frame = 320 x 320 8 bits is444 = 0 NumFrames = 1 
*******Video Decoding: Geometry ********
 Decode G size = 4636 
byteStreamVideoCoder = 1 codecId = 1 
isAvc = 0 isVvc = 0 
PCCVirtualVideoDecoder: create codecId = 1 
 decompress codecId = 1 size(T) = 2 

HM software: Decoder Version [16.25] (including RExt)[Linux][GCC 9.4.0][64 bit] 
POC    0 TId: 0 ( I-SLICE, QP 28 ) [DT  0.036] [L0 ] [L1 ] [MD5:8ae41faf20ed193c177c2e740a5539e6,85574aebeef03eb355bf8541955d06ea,85574aebeef03eb355bf8541955d06ea,(OK)] 
POC    1 TId: 0 ( P-SLICE, QP 28 ) [DT  0.017] [L0 0 ] [L1 ] [MD5:b86ae619630b6d4c03e6b9aca586558a,85574aebeef03eb355bf8541955d06ea,85574aebeef03eb355bf8541955d06ea,(OK)] 

 Total Time:        0.177 sec.
parseSPS => 1280 1280 
hevcParser= 1280 x 1280 10 bits isRGB = 0 
bin/PccAppHMVideoDecoder --BitstreamFile=/home/e/e0686126/mpeg-pcc-tmc2/exps/VPCC/8i_longdress/r2/bin/8i_longdress_dec_GOF0_geometry.bin --ReconFile=/home/e/e0686126/mpeg-pcc-tmc2/exps/VPCC/8i_longdress/r2/bin/8i_longdress_dec_GOF0_geometry_rec_1280x1280_8bit_p420.yuv --OutputBitDepth=8 --OutputBitDepthC=8
File read size = 1280 x 1280 frame count = 2 
Decoded frame = 1280 x 1280 8 bits is444 = 0 NumFrames = 2 
geometry video ->4634 B
getCodedCodecId profileCodecGroupIdc = 1 codecCodecId = 1 
CodecId attributeCodecId = 1 
*******Video Decoding: Attribute ********
 Decode T size = 23669 
byteStreamVideoCoder = 1 codecId = 1 
isAvc = 0 isVvc = 0 
PCCVirtualVideoDecoder: create codecId = 1 
 decompress codecId = 1 size(T) = 2 

HM software: Decoder Version [16.25] (including RExt)[Linux][GCC 9.4.0][64 bit] 
POC    0 TId: 0 ( I-SLICE, QP 37 ) [DT  0.049] [L0 ] [L1 ] [MD5:dd05848c07482de024d627b324e716c0,2ab9bb918390979c11a82349265945df,13a05342cfa555354e256cb2854c51c4,(OK)] 
POC    1 TId: 0 ( P-SLICE, QP 40 ) [DT  0.015] [L0 0 ] [L1 ] [MD5:3e75694a3a1d6be99f2ccb814e239b53,4addad08f679faa62765be67a8cb67ed,e31856f6c384fe6dea7a1339509c0ce4,(OK)] 

 Total Time:        0.197 sec.
parseSPS => 1280 1280 
hevcParser= 1280 x 1280 10 bits isRGB = 0 
bin/PccAppHMVideoDecoder --BitstreamFile=/home/e/e0686126/mpeg-pcc-tmc2/exps/VPCC/8i_longdress/r2/bin/8i_longdress_dec_GOF0_attribute.bin --ReconFile=/home/e/e0686126/mpeg-pcc-tmc2/exps/VPCC/8i_longdress/r2/bin/8i_longdress_dec_GOF0_attribute_rec_1280x1280_8bit_p420.yuv --OutputBitDepth=8 --OutputBitDepthC=8
File read size = 1280 x 1280 frame count = 2 
Decoded frame = 1280 x 1280 8 bits is444 = 0 NumFrames = 2 
ColorConverter configuration : YUV420ToYUV444 bitdepth = 8 filter = 0 videoSrc 2 frames 
attribute video  ->23667 B
generate point cloud of 1 frames 
call generatePointCloud() 
call generatePointCloud() 
generatePointCloud pbfEnableFlag_ = 0 
frame 0, tile 0: regularPoints 745233
frame 0, tile 0: regularPoints+eomPoints 745233
frame 0, tile 0: regularPoints+eomPoints+rawPoints 745233
start colorPointCloud attIdx = 0 / 1 ] 
isAttributes444 = 0 Format = 2 
Bitstream stat: 
  Header:                            11 B        88 b
    V3CUnitSize[ V3C_VPS ]:        33 B       264 b
    V3CUnitSize[ V3C_AD  ]:       394 B      3152 b
    V3CUnitSize[ V3C_OVD ]:      1951 B     15608 b ( Ocm video =      1947 B )
    V3CUnitSize[ V3C_GVD ]:      4640 B     37120 b ( Geo video =      4636 B +         0 B +         0 B +         0 B )
    V3CUnitSize[ V3C_AVD ]:     23673 B    189384 b ( Tex video =     23669 B + (        0 B +         0 B) +         0 B )
  TotalMetadata:                   2397 B     19176 b 
  TotalGeometry:                   4636 B     37088 b 
  TotalAttribute:                   23669 B    189352 b 
  Total:                          30702 B    245616 b 
Processing time (wall): 2.257 s
Processing time (user.self): 1.32 s
Processing time (user.children): 0.374 s
Peak memory: 369444 KB
