========== Point-based Metrics =========
mse      (p2point): 1.64299
mse,PSNR (p2point): 62.81302
mse      (p2plane): 0.00000
mse,PSNR (p2plane): 0.00000
h.       (p2point): 0.00000
h.,PSNR  (p2point): 0.00000
h.       (p2plane): 0.00000
h.,PSNR  (p2plane): 0.00000
c[0],             : 0.00117
c[1],             : 0.00027
c[2],             : 0.00035
c[0],PSNR         : 29.30984
c[1],PSNR         : 35.75409
c[2],PSNR         : 34.61421

========== Time & Binary Size ==========
Encoding time (s)           : 9273.3066
Decoding time (s)           : 218.2486
Total binary files size (kB): 2335.819
kbps (kb per second)        : 233.5819

