========== Point-based Metrics =========
mse      (p2point): 0.24146
mse,PSNR (p2point): 71.13855
mse      (p2plane): 0.00000
mse,PSNR (p2plane): 0.00000
h.       (p2point): 60.86464
h.,PSNR  (p2point): 47.67395
h.       (p2plane): 60.86464
h.,PSNR  (p2plane): 47.67395
c[0],             : 0.00019
c[1],             : 0.00012
c[2],             : 0.00013
c[0],PSNR         : 37.31572
c[1],PSNR         : 39.39259
c[2],PSNR         : 38.73515

========== Time & Binary Size ==========
Encoding time (s)           : 11901.6785
Decoding time (s)           : 254.9233
Total binary files size (kB): 5527.291
kbps (kb per second)        : 552.7291

