========== Point-based Metrics =========
mse      (p2point): 0.87522
mse,PSNR (p2point): 65.54678
mse      (p2plane): 0.00000
mse,PSNR (p2plane): 0.00000
h.       (p2point): 0.00000
h.,PSNR  (p2point): 0.00000
h.       (p2plane): 0.00000
h.,PSNR  (p2plane): 0.00000
c[0],             : 0.00190
c[1],             : 0.00049
c[2],             : 0.00056
c[0],PSNR         : 27.21670
c[1],PSNR         : 33.11416
c[2],PSNR         : 32.50020

========== Time & Binary Size ==========
Encoding time (s)           : 9180.1787
Decoding time (s)           : 225.6040
Total binary files size (kB): 524.566
kbps (kb per second)        : 52.4566

