========== Point-based Metrics =========
mse      (p2point): 5.21622
mse,PSNR (p2point): 57.86623
mse      (p2plane): 0.00000
mse,PSNR (p2plane): 0.00000
h.       (p2point): 424.41919
h.,PSNR  (p2point): 38.95774
h.       (p2plane): 424.41919
h.,PSNR  (p2plane): 38.95774
c[0],             : 0.00384
c[1],             : 0.00076
c[2],             : 0.00102
c[0],PSNR         : 24.26246
c[1],PSNR         : 31.22077
c[2],PSNR         : 29.95080

========== Time & Binary Size ==========
Encoding time (s)           : -1
Decoding time (s)           : -1
Total binary files size (kB): 322.504
kbps (kb per second)        : 32.2504

