PccAppMetrics v15.0

+ Parameters
	   computeChecksum                      1
	   computeMetrics                       1
	   startFrameNumber                     1051
	   frameCount                           5
	   uncompressedDataPath                 mpeg_datasets/8iVFBv2/longdress/Ply/longdress_vox10_%04d.ply
	   reconstructedDataPath                /home/e/e0686126/mpeg-pcc-tmc2/exps/VPCC/longdress/r2/dec/%04d.ply
	   normalDataPath                       
	   nbThread                             0
	   resolution                           1023
	   dropDuplicates                       2
	   neighborsProc                        1
	   computeC2c                           1
	   computeC2p                           1
	   computeColor                         1
	   computeLidar                         0
	   computeReflectance                   0
	   computeHausdorff                     0

========== Time & Binary Size ==========
Encoding time (s)           : 166.9582
Decoding time (s)           : 8.0060
Total binary files size (kB): 153.991
kbps (kb per second)        : 15.3991

