========== Point-based Metrics =========
mse      (p2point): 0.72569
mse,PSNR (p2point): 66.36248
mse      (p2plane): 0.00000
mse,PSNR (p2plane): 0.00000
h.       (p2point): 0.00000
h.,PSNR  (p2point): 0.00000
h.       (p2plane): 0.00000
h.,PSNR  (p2plane): 0.00000
c[0],             : 0.00070
c[1],             : 0.00030
c[2],             : 0.00033
c[0],PSNR         : 31.56013
c[1],PSNR         : 35.27159
c[2],PSNR         : 34.76084

========== Time & Binary Size ==========
Encoding time (s)           : 9908.2552
Decoding time (s)           : 231.5239
Total binary files size (kB): 1535.037
kbps (kb per second)        : 153.5037

