========== Point-based Metrics =========
mse      (p2point): 1.02237
mse,PSNR (p2point): 64.87215
mse      (p2plane): 0.00000
mse,PSNR (p2plane): 0.00000
h.       (p2point): 111.36295
h.,PSNR  (p2point): 44.64545
h.       (p2plane): 111.36295
h.,PSNR  (p2plane): 44.64545
c[0],             : 0.00088
c[1],             : 0.00031
c[2],             : 0.00036
c[0],PSNR         : 30.55434
c[1],PSNR         : 35.05211
c[2],PSNR         : 34.41435

========== Time & Binary Size ==========
Encoding time (s)           : 9351.1890
Decoding time (s)           : 233.1959
Total binary files size (kB): 1420.291
kbps (kb per second)        : 142.0291

