========== Point-based Metrics =========
mse      (p2point): 1.15771
mse,PSNR (p2point): 64.33584
mse      (p2plane): 0.00000
mse,PSNR (p2plane): 0.00000
h.       (p2point): 120.76264
h.,PSNR  (p2point): 44.23831
h.       (p2plane): 120.76264
h.,PSNR  (p2plane): 44.23831
c[0],             : 0.00088
c[1],             : 0.00020
c[2],             : 0.00026
c[0],PSNR         : 30.57424
c[1],PSNR         : 37.09437
c[2],PSNR         : 35.89337

========== Time & Binary Size ==========
Encoding time (s)           : 10307.0387
Decoding time (s)           : 178.8225
Total binary files size (kB): 4668.099
kbps (kb per second)        : 466.8099

