========== Point-based Metrics =========
mse      (p2point): 0.65385
mse,PSNR (p2point): 66.81315
mse      (p2plane): 0.00000
mse,PSNR (p2plane): 0.00000
h.       (p2point): 0.00000
h.,PSNR  (p2point): 0.00000
h.       (p2plane): 0.00000
h.,PSNR  (p2plane): 0.00000
c[0],             : 0.00112
c[1],             : 0.00037
c[2],             : 0.00042
c[0],PSNR         : 29.49588
c[1],PSNR         : 34.26116
c[2],PSNR         : 33.76378

========== Time & Binary Size ==========
Encoding time (s)           : 9443.5961
Decoding time (s)           : 243.8745
Total binary files size (kB): 897.502
kbps (kb per second)        : 89.75019999999999

