========== Point-based Metrics =========
mse      (p2point): 1.74698
mse,PSNR (p2point): 62.54806
mse      (p2plane): 0.00000
mse,PSNR (p2plane): 0.00000
h.       (p2point): 0.00000
h.,PSNR  (p2point): 0.00000
h.       (p2plane): 0.00000
h.,PSNR  (p2plane): 0.00000
c[0],             : 0.00136
c[1],             : 0.00035
c[2],             : 0.00044
c[0],PSNR         : 28.66618
c[1],PSNR         : 34.58525
c[2],PSNR         : 33.59571

========== Time & Binary Size ==========
Encoding time (s)           : 8587.7312
Decoding time (s)           : 204.9946
Total binary files size (kB): 1233.934
kbps (kb per second)        : 123.3934

