========== Point-based Metrics =========
mse      (p2point): 1.17780
mse,PSNR (p2point): 64.25928
mse      (p2plane): 0.00000
mse,PSNR (p2plane): 0.00000
h.       (p2point): 0.00000
h.,PSNR  (p2point): 0.00000
h.       (p2plane): 0.00000
h.,PSNR  (p2plane): 0.00000
c[0],             : 0.00134
c[1],             : 0.00040
c[2],             : 0.00047
c[0],PSNR         : 28.73924
c[1],PSNR         : 33.98306
c[2],PSNR         : 33.29847

========== Time & Binary Size ==========
Encoding time (s)           : 9242.0754
Decoding time (s)           : 224.8237
Total binary files size (kB): 796.787
kbps (kb per second)        : 79.6787

