========== Point-based Metrics =========
mse      (p2point): 1.11150
mse,PSNR (p2point): 64.51820
mse      (p2plane): 0.00000
mse,PSNR (p2plane): 0.00000
h.       (p2point): 0.00000
h.,PSNR  (p2point): 0.00000
h.       (p2plane): 0.00000
h.,PSNR  (p2plane): 0.00000
c[0],             : 0.00198
c[1],             : 0.00050
c[2],             : 0.00058
c[0],PSNR         : 27.03488
c[1],PSNR         : 33.03309
c[2],PSNR         : 32.36107

========== Time & Binary Size ==========
Encoding time (s)           : 9353.7279
Decoding time (s)           : 218.5879
Total binary files size (kB): 504.523
kbps (kb per second)        : 50.4523

